[ammon:Moon/TCGA_BRCA/R_batch1] suninsky% ./step1_apt_qc.sh 
Read 710 cel files from: cel_files_normal.txt
Checking chip type on all cel files.
Log file: /Volumes/Moon/TCGA_BRCA/R_batch1/apt-geno-qc.log
Running GenoQC...
Initializing QC Process.
Figuring out what probesets to load...
Loading group 'all_qc'
Loading group 'nsp_qc'
Loading group 'sty_qc'
Loading group 'nsp_sty_qc'
Loading group 'chrX'
Loading group ''
Loading group 'SNP6NspSty'
Opening cdf file: /Volumes/Moon/TCGA/lib/GenomeWideSNP_6.cdf
Reading 1856069 probesets.........................................Done.
Kept 108215 probesets.
Processing CEL files for genotype QC analysis:
Processing 1 of 710: /Volumes/Moon/TCGA_BRCA/data_DNA/BITES_p_TCGAb61_SNP_S_GenomeWideSNP_6_E10_697070.CEL
Processing 2 of 710: /Volumes/Moon/TCGA_BRCA/data_DNA/CUSKS_p_TCGAb47_SNP_1N_GenomeWideSNP_6_F09_628240.CEL
Processing 3 of 710: /Volumes/Moon/TCGA_BRCA/data_DNA/JOUAL_p_TCGA_b96_SNP_N_GenomeWideSNP_6_A05_748040.CEL
Processing 4 of 710: /Volumes/Moon/TCGA_BRCA/data_DNA/RANDS_p_TCGA_b109_SNP_1N_GenomeWideSNP_6_A11_771896.CEL
Processing 5 of 710: /Volumes/Moon/TCGA_BRCA/data_DNA/JOUAL_p_TCGA_b96_SNP_N_GenomeWideSNP_6_A12_747988.CEL
Processing 6 of 710: /Volumes/Moon/TCGA_BRCA/data_DNA/HAULS_p_TCGAb47_SNP_2N_GenomeWideSNP_6_F05_628558.CEL
Processing 7 of 710: /Volumes/Moon/TCGA_BRCA/data_DNA/JOUAL_p_TCGA_b96_SNP_N_GenomeWideSNP_6_F09_748034.CEL
Processing 8 of 710: /Volumes/Moon/TCGA_BRCA/data_DNA/JOUAL_p_TCGA_b96_SNP_N_GenomeWideSNP_6_H04_747986.CEL
Processing 9 of 710: /Volumes/Moon/TCGA_BRCA/data_DNA/URAEI_p_TCGASNP_b85_N_GenomeWideSNP_6_A04_735014.CEL
Processing 10 of 710: /Volumes/Moon/TCGA_BRCA/data_DNA/BITES_p_TCGAb61_SNP_S_GenomeWideSNP_6_B04_697100.CEL
Processing 11 of 710: /Volumes/Moon/TCGA_BRCA/data_DNA/SHAWM_p_TCGAb72_SNP_N_GenomeWideSNP_6_D03_697980.CEL
Processing 12 of 710: /Volumes/Moon/TCGA_BRCA/data_DNA/BITES_p_TCGAb61_SNP_S_GenomeWideSNP_6_D07_697058.CEL
Processing 13 of 710: /Volumes/Moon/TCGA_BRCA/data_DNA/URAEI_p_TCGASNP_b85_N_GenomeWideSNP_6_D04_735094.CEL
Processing 14 of 710: /Volumes/Moon/TCGA_BRCA/data_DNA/JOUAL_p_TCGA_b96_SNP_N_GenomeWideSNP_6_B11_747940.CEL
Processing 15 of 710: /Volumes/Moon/TCGA_BRCA/data_DNA/JOUAL_p_TCGA_b96_SNP_N_GenomeWideSNP_6_G10_747886.CEL
Processing 16 of 710: /Volumes/Moon/TCGA_BRCA/data_DNA/HAULS_p_TCGAb47_SNP_2N_GenomeWideSNP_6_E04_628414.CEL
Processing 17 of 710: /Volumes/Moon/TCGA_BRCA/data_DNA/URAEI_p_TCGASNP_b85_N_GenomeWideSNP_6_A02_735170.CEL
Processing 18 of 710: /Volumes/Moon/TCGA_BRCA/data_DNA/JOUAL_p_TCGA_b96_SNP_N_GenomeWideSNP_6_C06_748044.CEL
Processing 19 of 710: /Volumes/Moon/TCGA_BRCA/data_DNA/BITES_p_TCGAb61_SNP_S_GenomeWideSNP_6_E01_697052.CEL
Processing 20 of 710: /Volumes/Moon/TCGA_BRCA/data_DNA/JOUAL_p_TCGA_b96_SNP_N_GenomeWideSNP_6_D01_747998.CEL
Processing 21 of 710: /Volumes/Moon/TCGA_BRCA/data_DNA/JOUAL_p_TCGA_b96_SNP_N_GenomeWideSNP_6_F06_747880.CEL
Processing 22 of 710: /Volumes/Moon/TCGA_BRCA/data_DNA/JOUAL_p_TCGA_b96_SNP_N_GenomeWideSNP_6_B04_748050.CEL
Processing 23 of 710: /Volumes/Moon/TCGA_BRCA/data_DNA/SHAWM_p_TCGAb72_SNP_N_GenomeWideSNP_6_A04_698118.CEL
Processing 24 of 710: /Volumes/Moon/TCGA_BRCA/data_DNA/BITES_p_TCGAb61_SNP_S_GenomeWideSNP_6_F01_697046.CEL
Processing 25 of 710: /Volumes/Moon/TCGA_BRCA/data_DNA/URAEI_p_TCGASNP_b85_N_GenomeWideSNP_6_B01_735184.CEL
Processing 26 of 710: /Volumes/Moon/TCGA_BRCA/data_DNA/HITCH_p_TCGASNP_b93_N_GenomeWideSNP_6_H03_741422.CEL
Processing 27 of 710: /Volumes/Moon/TCGA_BRCA/data_DNA/BITES_p_TCGAb61_SNP_S_GenomeWideSNP_6_A01_697138.CEL
Processing 28 of 710: /Volumes/Moon/TCGA_BRCA/data_DNA/SHAWM_p_TCGAb72_SNP_N_GenomeWideSNP_6_B11_698038.CEL
Processing 29 of 710: /Volumes/Moon/TCGA_BRCA/data_DNA/HITCH_p_TCGASNP_b93_N_GenomeWideSNP_6_B12_741446.CEL
Processing 30 of 710: /Volumes/Moon/TCGA_BRCA/data_DNA/JOUAL_p_TCGA_b96_SNP_N_GenomeWideSNP_6_B09_748032.CEL
Processing 31 of 710: /Volumes/Moon/TCGA_BRCA/data_DNA/BITES_p_TCGAb61_SNP_S_GenomeWideSNP_6_D02_697126.CEL
Processing 32 of 710: /Volumes/Moon/TCGA_BRCA/data_DNA/BITES_p_TCGAb61_SNP_S_GenomeWideSNP_6_D08_697018.CEL
Processing 33 of 710: /Volumes/Moon/TCGA_BRCA/data_DNA/URAEI_p_TCGASNP_b85_N_GenomeWideSNP_6_C05_735060.CEL
Processing 34 of 710: /Volumes/Moon/TCGA_BRCA/data_DNA/BITES_p_TCGAb61_SNP_S_GenomeWideSNP_6_H01_697038.CEL
Processing 35 of 710: /Volumes/Moon/TCGA_BRCA/data_DNA/JOUAL_p_TCGA_b96_SNP_N_GenomeWideSNP_6_C01_747962.CEL
Processing 36 of 710: /Volumes/Moon/TCGA_BRCA/data_DNA/BITES_p_TCGAb61_SNP_S_GenomeWideSNP_6_H08_697034.CEL
Processing 37 of 710: /Volumes/Moon/TCGA_BRCA/data_DNA/HITCH_p_TCGASNP_b93_N_GenomeWideSNP_6_D09_741542.CEL
Processing 38 of 710: /Volumes/Moon/TCGA_BRCA/data_DNA/HITCH_p_TCGASNP_b93_N_GenomeWideSNP_6_G09_741414.CEL
Processing 39 of 710: /Volumes/Moon/TCGA_BRCA/data_DNA/HITCH_p_TCGASNP_b93_N_GenomeWideSNP_6_B09_741578.CEL
Processing 40 of 710: /Volumes/Moon/TCGA_BRCA/data_DNA/HITCH_p_TCGASNP_b93_N_GenomeWideSNP_6_E08_741470.CEL
Processing 41 of 710: /Volumes/Moon/TCGA_BRCA/data_DNA/HITCH_p_TCGASNP_b93_N_GenomeWideSNP_6_G03_741556.CEL
Processing 42 of 710: /Volumes/Moon/TCGA_BRCA/data_DNA/HITCH_p_TCGASNP_b93_N_GenomeWideSNP_6_G05_741532.CEL
Processing 43 of 710: /Volumes/Moon/TCGA_BRCA/data_DNA/HITCH_p_TCGASNP_b93_N_GenomeWideSNP_6_G06_741568.CEL
Processing 44 of 710: /Volumes/Moon/TCGA_BRCA/data_DNA/HITCH_p_TCGASNP_b93_N_GenomeWideSNP_6_G10_741566.CEL
Processing 45 of 710: /Volumes/Moon/TCGA_BRCA/data_DNA/RANDS_p_TCGA_b109_SNP_1N_GenomeWideSNP_6_E05_771942.CEL
Processing 46 of 710: /Volumes/Moon/TCGA_BRCA/data_DNA/GAMMA_p_TCGA_b103_104_SNP_N_GenomeWideSNP_6_D07_755944.CEL
Processing 47 of 710: /Volumes/Moon/TCGA_BRCA/data_DNA/GAMMA_p_TCGA_b103_104_SNP_N_GenomeWideSNP_6_G07_755864.CEL
Processing 48 of 710: /Volumes/Moon/TCGA_BRCA/data_DNA/GAMMA_p_TCGA_b103_104_SNP_N_GenomeWideSNP_6_D12_755790.CEL
Processing 49 of 710: /Volumes/Moon/TCGA_BRCA/data_DNA/GAMMA_p_TCGA_b103_104_SNP_N_GenomeWideSNP_6_B03_755950.CEL
Processing 50 of 710: /Volumes/Moon/TCGA_BRCA/data_DNA/GAMMA_p_TCGA_b103_104_SNP_N_GenomeWideSNP_6_D04_755936.CEL
Processing 51 of 710: /Volumes/Moon/TCGA_BRCA/data_DNA/GAMMA_p_TCGA_b103_104_SNP_N_GenomeWideSNP_6_G03_755814.CEL
Processing 52 of 710: /Volumes/Moon/TCGA_BRCA/data_DNA/RANDS_p_TCGA_b109_SNP_1N_GenomeWideSNP_6_E11_771938.CEL
Processing 53 of 710: /Volumes/Moon/TCGA_BRCA/data_DNA/RANDS_p_TCGA_b109_SNP_1N_GenomeWideSNP_6_E08_772034.CEL
Processing 54 of 710: /Volumes/Moon/TCGA_BRCA/data_DNA/RANDS_p_TCGA_b109_SNP_1N_GenomeWideSNP_6_B05_771940.CEL
Processing 55 of 710: /Volumes/Moon/TCGA_BRCA/data_DNA/RANDS_p_TCGA_b109_SNP_1N_GenomeWideSNP_6_E06_771948.CEL
Processing 56 of 710: /Volumes/Moon/TCGA_BRCA/data_DNA/RANDS_p_TCGA_b109_SNP_1N_GenomeWideSNP_6_C09_771932.CEL
Processing 57 of 710: /Volumes/Moon/TCGA_BRCA/data_DNA/RANDS_p_TCGA_b109_SNP_1N_GenomeWideSNP_6_D01_772032.CEL
Processing 58 of 710: /Volumes/Moon/TCGA_BRCA/data_DNA/RANDS_p_TCGA_b109_SNP_1N_GenomeWideSNP_6_A12_771946.CEL
Processing 59 of 710: /Volumes/Moon/TCGA_BRCA/data_DNA/RANDS_p_TCGA_b109_SNP_1N_GenomeWideSNP_6_F10_771852.CEL
Processing 60 of 710: /Volumes/Moon/TCGA_BRCA/data_DNA/RANDS_p_TCGA_b109_SNP_1N_GenomeWideSNP_6_G02_771854.CEL
Processing 61 of 710: /Volumes/Moon/TCGA_BRCA/data_DNA/RANDS_p_TCGA_b109_SNP_1N_GenomeWideSNP_6_B07_772026.CEL
Processing 62 of 710: /Volumes/Moon/TCGA_BRCA/data_DNA/RANDS_p_TCGA_b109_SNP_1N_GenomeWideSNP_6_B03_771944.CEL
Processing 63 of 710: /Volumes/Moon/TCGA_BRCA/data_DNA/RANDS_p_TCGA_b109_SNP_1N_GenomeWideSNP_6_B08_771964.CEL
Processing 64 of 710: /Volumes/Moon/TCGA_BRCA/data_DNA/CHEEP_p_TCGA_b120_121_SNP_N_GenomeWideSNP_6_E04_777718.CEL
Processing 65 of 710: /Volumes/Moon/TCGA_BRCA/data_DNA/EXINE_p_TCGA_b142_SNP_N_GenomeWideSNP_6_D07_802408.CEL
Processing 66 of 710: /Volumes/Moon/TCGA_BRCA/data_DNA/USAGE_p_TCGA_132_133_136_SNP_N_GenomeWideSNP_6_A11_787524.CEL
Processing 67 of 710: /Volumes/Moon/TCGA_BRCA/data_DNA/USAGE_p_TCGA_132_133_136_SNP_N_GenomeWideSNP_6_H03_787622.CEL
Processing 68 of 710: /Volumes/Moon/TCGA_BRCA/data_DNA/USAGE_p_TCGA_132_133_136_SNP_N_GenomeWideSNP_6_G04_787528.CEL
Processing 69 of 710: /Volumes/Moon/TCGA_BRCA/data_DNA/HITCH_p_TCGASNP_b93_N_GenomeWideSNP_6_C05_741490.CEL
Processing 70 of 710: /Volumes/Moon/TCGA_BRCA/data_DNA/HITCH_p_TCGASNP_b93_N_GenomeWideSNP_6_B02_741474.CEL
Processing 71 of 710: /Volumes/Moon/TCGA_BRCA/data_DNA/GAMMA_p_TCGA_b103_104_SNP_N_GenomeWideSNP_6_D10_755922.CEL
Processing 72 of 710: /Volumes/Moon/TCGA_BRCA/data_DNA/HITCH_p_TCGASNP_b93_N_GenomeWideSNP_6_D02_741476.CEL
Processing 73 of 710: /Volumes/Moon/TCGA_BRCA/data_DNA/GOOFS_p_TCGA_b117_118_SNP_N_GenomeWideSNP_6_A02_778042.CEL
Processing 74 of 710: /Volumes/Moon/TCGA_BRCA/data_DNA/GOOFS_p_TCGA_b117_118_SNP_N_GenomeWideSNP_6_B01_778072.CEL
Processing 75 of 710: /Volumes/Moon/TCGA_BRCA/data_DNA/GOOFS_p_TCGA_b117_118_SNP_N_GenomeWideSNP_6_E04_778046.CEL
Processing 76 of 710: /Volumes/Moon/TCGA_BRCA/data_DNA/CHEEP_p_TCGA_b120_121_SNP_N_GenomeWideSNP_6_A11_777588.CEL
Processing 77 of 710: /Volumes/Moon/TCGA_BRCA/data_DNA/BULGY_p_TCGA_bM1_124_SNP_N_GenomeWideSNP_6_F08_780882.CEL
Processing 78 of 710: /Volumes/Moon/TCGA_BRCA/data_DNA/CHEEP_p_TCGA_b120_121_SNP_N_GenomeWideSNP_6_G11_777584.CEL
Processing 79 of 710: /Volumes/Moon/TCGA_BRCA/data_DNA/CHEEP_p_TCGA_b120_121_SNP_N_GenomeWideSNP_6_F02_777578.CEL
Processing 80 of 710: /Volumes/Moon/TCGA_BRCA/data_DNA/GOOFS_p_TCGA_b117_118_SNP_N_GenomeWideSNP_6_C06_778040.CEL
Processing 81 of 710: /Volumes/Moon/TCGA_BRCA/data_DNA/GOOFS_p_TCGA_b117_118_SNP_N_GenomeWideSNP_6_A08_777976.CEL
Processing 82 of 710: /Volumes/Moon/TCGA_BRCA/data_DNA/CHEEP_p_TCGA_b120_121_SNP_N_GenomeWideSNP_6_E03_777600.CEL
Processing 83 of 710: /Volumes/Moon/TCGA_BRCA/data_DNA/BULGY_p_TCGA_bM1_124_SNP_N_GenomeWideSNP_6_A11_780802.CEL
Processing 84 of 710: /Volumes/Moon/TCGA_BRCA/data_DNA/BULGY_p_TCGA_bM1_124_SNP_N_GenomeWideSNP_6_D02_780790.CEL
Processing 85 of 710: /Volumes/Moon/TCGA_BRCA/data_DNA/USAGE_p_TCGA_132_133_136_SNP_N_GenomeWideSNP_6_B10_787596.CEL
Processing 86 of 710: /Volumes/Moon/TCGA_BRCA/data_DNA/USAGE_p_TCGA_132_133_136_SNP_N_GenomeWideSNP_6_F02_787544.CEL
Processing 87 of 710: /Volumes/Moon/TCGA_BRCA/data_DNA/USAGE_p_TCGA_132_133_136_SNP_N_GenomeWideSNP_6_D04_787576.CEL
Processing 88 of 710: /Volumes/Moon/TCGA_BRCA/data_DNA/USAGE_p_TCGA_132_133_136_SNP_N_GenomeWideSNP_6_D07_787494.CEL
Processing 89 of 710: /Volumes/Moon/TCGA_BRCA/data_DNA/EXINE_p_TCGA_b142_SNP_N_GenomeWideSNP_6_B05_802402.CEL
Processing 90 of 710: /Volumes/Moon/TCGA_BRCA/data_DNA/EXINE_p_TCGA_b142_SNP_N_GenomeWideSNP_6_D08_802352.CEL
Processing 91 of 710: /Volumes/Moon/TCGA_BRCA/data_DNA/WRIED_p_TCGA_143_147_150_Hahn_N_GenomeWideSNP_6_A09_799960.CEL
Processing 92 of 710: /Volumes/Moon/TCGA_BRCA/data_DNA/CUSKS_p_TCGAb47_SNP_1N_GenomeWideSNP_6_A08_628220.CEL
Processing 93 of 710: /Volumes/Moon/TCGA_BRCA/data_DNA/COZEN_p_TCGAb56_SNP_2N_GenomeWideSNP_6_D01_667082.CEL
Processing 94 of 710: /Volumes/Moon/TCGA_BRCA/data_DNA/COZEN_p_TCGAb56_SNP_2N_GenomeWideSNP_6_D11_667058.CEL
Processing 95 of 710: /Volumes/Moon/TCGA_BRCA/data_DNA/SHAWM_p_TCGAb72_SNP_N_GenomeWideSNP_6_E07_698136.CEL
Processing 96 of 710: /Volumes/Moon/TCGA_BRCA/data_DNA/SHAWM_p_TCGAb72_SNP_N_GenomeWideSNP_6_B04_698100.CEL
Processing 97 of 710: /Volumes/Moon/TCGA_BRCA/data_DNA/SHAWM_p_TCGAb72_SNP_N_GenomeWideSNP_6_B12_698074.CEL
Processing 98 of 710: /Volumes/Moon/TCGA_BRCA/data_DNA/SHAWM_p_TCGAb72_SNP_N_GenomeWideSNP_6_A07_698116.CEL
Processing 99 of 710: /Volumes/Moon/TCGA_BRCA/data_DNA/BONZE_p_TCGAb56_SNP_1N_GenomeWideSNP_6_G03_666938.CEL
Processing 100 of 710: /Volumes/Moon/TCGA_BRCA/data_DNA/BONZE_p_TCGAb56_SNP_1N_GenomeWideSNP_6_H04_666900.CEL
Processing 101 of 710: /Volumes/Moon/TCGA_BRCA/data_DNA/URAEI_p_TCGASNP_b85_N_GenomeWideSNP_6_E07_735114.CEL
Processing 102 of 710: /Volumes/Moon/TCGA_BRCA/data_DNA/URAEI_p_TCGASNP_b85_N_GenomeWideSNP_6_E09_735140.CEL
Processing 103 of 710: /Volumes/Moon/TCGA_BRCA/data_DNA/BONZE_p_TCGAb56_SNP_1N_GenomeWideSNP_6_B02_666898.CEL
Processing 104 of 710: /Volumes/Moon/TCGA_BRCA/data_DNA/CUSKS_p_TCGAb47_SNP_1N_GenomeWideSNP_6_D04_628328.CEL
Processing 105 of 710: /Volumes/Moon/TCGA_BRCA/data_DNA/BONZE_p_TCGAb56_SNP_1N_GenomeWideSNP_6_D02_666976.CEL
Processing 106 of 710: /Volumes/Moon/TCGA_BRCA/data_DNA/BONZE_p_TCGAb56_SNP_1N_GenomeWideSNP_6_F07_667002.CEL
Processing 107 of 710: /Volumes/Moon/TCGA_BRCA/data_DNA/BONZE_p_TCGAb56_SNP_1N_GenomeWideSNP_6_G09_666924.CEL
Processing 108 of 710: /Volumes/Moon/TCGA_BRCA/data_DNA/SHAWM_p_TCGAb72_SNP_N_GenomeWideSNP_6_C06_698154.CEL
Processing 109 of 710: /Volumes/Moon/TCGA_BRCA/data_DNA/SHAWM_p_TCGAb72_SNP_N_GenomeWideSNP_6_B10_698010.CEL
Processing 110 of 710: /Volumes/Moon/TCGA_BRCA/data_DNA/SHAWM_p_TCGAb72_SNP_N_GenomeWideSNP_6_F11_698086.CEL
Processing 111 of 710: /Volumes/Moon/TCGA_BRCA/data_DNA/SHAWM_p_TCGAb72_SNP_N_GenomeWideSNP_6_G02_698092.CEL
Processing 112 of 710: /Volumes/Moon/TCGA_BRCA/data_DNA/SHAWM_p_TCGAb72_SNP_N_GenomeWideSNP_6_G05_697994.CEL
Processing 113 of 710: /Volumes/Moon/TCGA_BRCA/data_DNA/SHUCK_p_TCGAb74and75_SNP_N_GenomeWideSNP_6_C02_730904.CEL
Processing 114 of 710: /Volumes/Moon/TCGA_BRCA/data_DNA/RANDS_p_TCGA_b109_SNP_1N_GenomeWideSNP_6_C10_771890.CEL
Processing 115 of 710: /Volumes/Moon/TCGA_BRCA/data_DNA/EXINE_p_TCGA_b142_SNP_N_GenomeWideSNP_6_E06_802376.CEL
Processing 116 of 710: /Volumes/Moon/TCGA_BRCA/data_DNA/CUSKS_p_TCGAb47_SNP_1N_GenomeWideSNP_6_H09_628242.CEL
Processing 117 of 710: /Volumes/Moon/TCGA_BRCA/data_DNA/URAEI_p_TCGASNP_b85_N_GenomeWideSNP_6_C03_735192.CEL
Processing 118 of 710: /Volumes/Moon/TCGA_BRCA/data_DNA/JOUAL_p_TCGA_b96_SNP_N_GenomeWideSNP_6_C05_748002.CEL
Processing 119 of 710: /Volumes/Moon/TCGA_BRCA/data_DNA/EXINE_p_TCGA_b142_SNP_N_GenomeWideSNP_6_B02_802422.CEL
Processing 120 of 710: /Volumes/Moon/TCGA_BRCA/data_DNA/COMIC_p_TCGA_b142_SNP_S_GenomeWideSNP_6_H09_804514.CEL
Processing 121 of 710: /Volumes/Moon/TCGA_BRCA/data_DNA/EXINE_p_TCGA_b142_SNP_N_GenomeWideSNP_6_D12_802394.CEL
Processing 122 of 710: /Volumes/Moon/TCGA_BRCA/data_DNA/BONZE_p_TCGAb56_SNP_1N_GenomeWideSNP_6_C08_666904.CEL
Processing 123 of 710: /Volumes/Moon/TCGA_BRCA/data_DNA/CUSKS_p_TCGAb47_SNP_1N_GenomeWideSNP_6_H01_628304.CEL
Processing 124 of 710: /Volumes/Moon/TCGA_BRCA/data_DNA/BONZE_p_TCGAb56_SNP_1N_GenomeWideSNP_6_B08_667044.CEL
Processing 125 of 710: /Volumes/Moon/TCGA_BRCA/data_DNA/BONZE_p_TCGAb56_SNP_1N_GenomeWideSNP_6_C03_666970.CEL
Processing 126 of 710: /Volumes/Moon/TCGA_BRCA/data_DNA/BONZE_p_TCGAb56_SNP_1N_GenomeWideSNP_6_D05_666940.CEL
Processing 127 of 710: /Volumes/Moon/TCGA_BRCA/data_DNA/HAULS_p_TCGAb47_SNP_2N_GenomeWideSNP_6_C06_628550.CEL
Processing 128 of 710: /Volumes/Moon/TCGA_BRCA/data_DNA/HAULS_p_TCGAb47_SNP_2N_GenomeWideSNP_6_C09_628510.CEL
Processing 129 of 710: /Volumes/Moon/TCGA_BRCA/data_DNA/HAULS_p_TCGAb47_SNP_2N_GenomeWideSNP_6_C11_628504.CEL
Processing 130 of 710: /Volumes/Moon/TCGA_BRCA/data_DNA/BONZE_p_TCGAb56_SNP_1N_GenomeWideSNP_6_D09_666894.CEL
Processing 131 of 710: /Volumes/Moon/TCGA_BRCA/data_DNA/BONZE_p_TCGAb56_SNP_1N_GenomeWideSNP_6_A08_667016.CEL
Processing 132 of 710: /Volumes/Moon/TCGA_BRCA/data_DNA/HAULS_p_TCGAb47_SNP_2N_GenomeWideSNP_6_D11_628538.CEL
Processing 133 of 710: /Volumes/Moon/TCGA_BRCA/data_DNA/BONZE_p_TCGAb56_SNP_1N_GenomeWideSNP_6_B04_666870.CEL
Processing 134 of 710: /Volumes/Moon/TCGA_BRCA/data_DNA/COZEN_p_TCGAb56_SNP_2N_GenomeWideSNP_6_F05_667086.CEL
Processing 135 of 710: /Volumes/Moon/TCGA_BRCA/data_DNA/HAULS_p_TCGAb47_SNP_2N_GenomeWideSNP_6_H04_628552.CEL
Processing 136 of 710: /Volumes/Moon/TCGA_BRCA/data_DNA/COZEN_p_TCGAb56_SNP_2N_GenomeWideSNP_6_F07_667136.CEL
Processing 137 of 710: /Volumes/Moon/TCGA_BRCA/data_DNA/COZEN_p_TCGAb56_SNP_2N_GenomeWideSNP_6_H06_667222.CEL
Processing 138 of 710: /Volumes/Moon/TCGA_BRCA/data_DNA/SHUCK_p_TCGAb74and75_SNP_N_GenomeWideSNP_6_B06_731038.CEL
Processing 139 of 710: /Volumes/Moon/TCGA_BRCA/data_DNA/SHUCK_p_TCGAb74and75_SNP_N_GenomeWideSNP_6_A10_730924.CEL
Processing 140 of 710: /Volumes/Moon/TCGA_BRCA/data_DNA/SHUCK_p_TCGAb74and75_SNP_N_GenomeWideSNP_6_D05_730984.CEL
Processing 141 of 710: /Volumes/Moon/TCGA_BRCA/data_DNA/ETUIS_p_TCGASNP_b80_83_N_GenomeWideSNP_6_E08_734682.CEL
Processing 142 of 710: /Volumes/Moon/TCGA_BRCA/data_DNA/COZEN_p_TCGAb56_SNP_2N_GenomeWideSNP_6_G11_667066.CEL
Processing 143 of 710: /Volumes/Moon/TCGA_BRCA/data_DNA/COZEN_p_TCGAb56_SNP_2N_GenomeWideSNP_6_G05_667150.CEL
Processing 144 of 710: /Volumes/Moon/TCGA_BRCA/data_DNA/COZEN_p_TCGAb56_SNP_2N_GenomeWideSNP_6_A03_667248.CEL
Processing 145 of 710: /Volumes/Moon/TCGA_BRCA/data_DNA/BITES_p_TCGAb61_SNP_S_GenomeWideSNP_6_H09_697118.CEL
Processing 146 of 710: /Volumes/Moon/TCGA_BRCA/data_DNA/BITES_p_TCGAb61_SNP_S_GenomeWideSNP_6_B06_697196.CEL
Processing 147 of 710: /Volumes/Moon/TCGA_BRCA/data_DNA/ETUIS_p_TCGASNP_b80_83_N_GenomeWideSNP_6_E10_734642.CEL
Processing 148 of 710: /Volumes/Moon/TCGA_BRCA/data_DNA/ETUIS_p_TCGASNP_b80_83_N_GenomeWideSNP_6_G12_734766.CEL
Processing 149 of 710: /Volumes/Moon/TCGA_BRCA/data_DNA/URAEI_p_TCGASNP_b85_N_GenomeWideSNP_6_C02_735112.CEL
Processing 150 of 710: /Volumes/Moon/TCGA_BRCA/data_DNA/URAEI_p_TCGASNP_b85_N_GenomeWideSNP_6_A11_735188.CEL
Processing 151 of 710: /Volumes/Moon/TCGA_BRCA/data_DNA/GOOFS_p_TCGA_b117_118_SNP_N_GenomeWideSNP_6_F04_778026.CEL
Processing 152 of 710: /Volumes/Moon/TCGA_BRCA/data_DNA/COZEN_p_TCGAb56_SNP_2N_GenomeWideSNP_6_H08_667182.CEL
Processing 153 of 710: /Volumes/Moon/TCGA_BRCA/data_DNA/URAEI_p_TCGASNP_b85_N_GenomeWideSNP_6_E08_735064.CEL
Processing 154 of 710: /Volumes/Moon/TCGA_BRCA/data_DNA/SHUCK_p_TCGAb74and75_SNP_N_GenomeWideSNP_6_D04_731030.CEL
Processing 155 of 710: /Volumes/Moon/TCGA_BRCA/data_DNA/SHUCK_p_TCGAb74and75_SNP_N_GenomeWideSNP_6_F09_730952.CEL
Processing 156 of 710: /Volumes/Moon/TCGA_BRCA/data_DNA/URAEI_p_TCGASNP_b85_N_GenomeWideSNP_6_H04_735034.CEL
Processing 157 of 710: /Volumes/Moon/TCGA_BRCA/data_DNA/SHUCK_p_TCGAb74and75_SNP_N_GenomeWideSNP_6_C01_730970.CEL
Processing 158 of 710: /Volumes/Moon/TCGA_BRCA/data_DNA/JOUAL_p_TCGA_b96_SNP_N_GenomeWideSNP_6_D07_747936.CEL
Processing 159 of 710: /Volumes/Moon/TCGA_BRCA/data_DNA/JOUAL_p_TCGA_b96_SNP_N_GenomeWideSNP_6_D04_747896.CEL
Processing 160 of 710: /Volumes/Moon/TCGA_BRCA/data_DNA/GAMMA_p_TCGA_b103_104_SNP_N_GenomeWideSNP_6_H07_755760.CEL
Processing 161 of 710: /Volumes/Moon/TCGA_BRCA/data_DNA/JOUAL_p_TCGA_b96_SNP_N_GenomeWideSNP_6_F01_748036.CEL
Processing 162 of 710: /Volumes/Moon/TCGA_BRCA/data_DNA/EXINE_p_TCGA_b142_SNP_N_GenomeWideSNP_6_F06_802310.CEL
Processing 163 of 710: /Volumes/Moon/TCGA_BRCA/data_DNA/EXINE_p_TCGA_b142_SNP_N_GenomeWideSNP_6_G01_802400.CEL
Processing 164 of 710: /Volumes/Moon/TCGA_BRCA/data_DNA/COZEN_p_TCGAb56_SNP_2N_GenomeWideSNP_6_B02_667106.CEL
Processing 165 of 710: /Volumes/Moon/TCGA_BRCA/data_DNA/COZEN_p_TCGAb56_SNP_2N_GenomeWideSNP_6_C08_667196.CEL
Processing 166 of 710: /Volumes/Moon/TCGA_BRCA/data_DNA/BITES_p_TCGAb61_SNP_S_GenomeWideSNP_6_F06_697022.CEL
Processing 167 of 710: /Volumes/Moon/TCGA_BRCA/data_DNA/COZEN_p_TCGAb56_SNP_2N_GenomeWideSNP_6_E02_667176.CEL
Processing 168 of 710: /Volumes/Moon/TCGA_BRCA/data_DNA/BITES_p_TCGAb61_SNP_S_GenomeWideSNP_6_G01_697092.CEL
Processing 169 of 710: /Volumes/Moon/TCGA_BRCA/data_DNA/BITES_p_TCGAb61_SNP_S_GenomeWideSNP_6_E07_697042.CEL
Processing 170 of 710: /Volumes/Moon/TCGA_BRCA/data_DNA/SHAWM_p_TCGAb72_SNP_N_GenomeWideSNP_6_C03_697990.CEL
Processing 171 of 710: /Volumes/Moon/TCGA_BRCA/data_DNA/SHAWM_p_TCGAb72_SNP_N_GenomeWideSNP_6_A02_698094.CEL
Processing 172 of 710: /Volumes/Moon/TCGA_BRCA/data_DNA/SHAWM_p_TCGAb72_SNP_N_GenomeWideSNP_6_D04_698088.CEL
Processing 173 of 710: /Volumes/Moon/TCGA_BRCA/data_DNA/SHAWM_p_TCGAb72_SNP_N_GenomeWideSNP_6_B08_698082.CEL
Processing 174 of 710: /Volumes/Moon/TCGA_BRCA/data_DNA/SHUCK_p_TCGAb74and75_SNP_N_GenomeWideSNP_6_A07_730906.CEL
Processing 175 of 710: /Volumes/Moon/TCGA_BRCA/data_DNA/SHUCK_p_TCGAb74and75_SNP_N_GenomeWideSNP_6_B01_730958.CEL
Processing 176 of 710: /Volumes/Moon/TCGA_BRCA/data_DNA/RANDS_p_TCGA_b109_SNP_1N_GenomeWideSNP_6_E10_772002.CEL
Processing 177 of 710: /Volumes/Moon/TCGA_BRCA/data_DNA/RANDS_p_TCGA_b109_SNP_1N_GenomeWideSNP_6_D03_771976.CEL
Processing 178 of 710: /Volumes/Moon/TCGA_BRCA/data_DNA/URAEI_p_TCGASNP_b85_N_GenomeWideSNP_6_C04_735096.CEL
Processing 179 of 710: /Volumes/Moon/TCGA_BRCA/data_DNA/URAEI_p_TCGASNP_b85_N_GenomeWideSNP_6_B02_735172.CEL
Processing 180 of 710: /Volumes/Moon/TCGA_BRCA/data_DNA/URAEI_p_TCGASNP_b85_N_GenomeWideSNP_6_A08_735126.CEL
Processing 181 of 710: /Volumes/Moon/TCGA_BRCA/data_DNA/COZEN_p_TCGAb56_SNP_2N_GenomeWideSNP_6_F08_667166.CEL
Processing 182 of 710: /Volumes/Moon/TCGA_BRCA/data_DNA/COZEN_p_TCGAb56_SNP_2N_GenomeWideSNP_6_E05_667114.CEL
Processing 183 of 710: /Volumes/Moon/TCGA_BRCA/data_DNA/SHAWM_p_TCGAb72_SNP_N_GenomeWideSNP_6_F10_698050.CEL
Processing 184 of 710: /Volumes/Moon/TCGA_BRCA/data_DNA/SHUCK_p_TCGAb74and75_SNP_N_GenomeWideSNP_6_A01_731026.CEL
Processing 185 of 710: /Volumes/Moon/TCGA_BRCA/data_DNA/HITCH_p_TCGASNP_b93_N_GenomeWideSNP_6_B03_741420.CEL
Processing 186 of 710: /Volumes/Moon/TCGA_BRCA/data_DNA/GHOUL_p_TCGASNP_b85and51R_N_GenomeWideSNP_6_F01_735238.CEL
Processing 187 of 710: /Volumes/Moon/TCGA_BRCA/data_DNA/GHOUL_p_TCGASNP_b85and51R_N_GenomeWideSNP_6_A01_735202.CEL
Processing 188 of 710: /Volumes/Moon/TCGA_BRCA/data_DNA/GHOUL_p_TCGASNP_b85and51R_N_GenomeWideSNP_6_A11_735342.CEL
Processing 189 of 710: /Volumes/Moon/TCGA_BRCA/data_DNA/GHOUL_p_TCGASNP_b85and51R_N_GenomeWideSNP_6_E11_735328.CEL
Processing 190 of 710: /Volumes/Moon/TCGA_BRCA/data_DNA/GHOUL_p_TCGASNP_b85and51R_N_GenomeWideSNP_6_A05_735266.CEL
Processing 191 of 710: /Volumes/Moon/TCGA_BRCA/data_DNA/GHOUL_p_TCGASNP_b85and51R_N_GenomeWideSNP_6_A08_735326.CEL
Processing 192 of 710: /Volumes/Moon/TCGA_BRCA/data_DNA/GHOUL_p_TCGASNP_b85and51R_N_GenomeWideSNP_6_C04_735384.CEL
Processing 193 of 710: /Volumes/Moon/TCGA_BRCA/data_DNA/GHOUL_p_TCGASNP_b85and51R_N_GenomeWideSNP_6_C08_735352.CEL
Processing 194 of 710: /Volumes/Moon/TCGA_BRCA/data_DNA/GAMMA_p_TCGA_b103_104_SNP_N_GenomeWideSNP_6_B06_755792.CEL
Processing 195 of 710: /Volumes/Moon/TCGA_BRCA/data_DNA/BEAUX_p_TCGA_b109_SNP_2N_GenomeWideSNP_6_F05_772150.CEL
Processing 196 of 710: /Volumes/Moon/TCGA_BRCA/data_DNA/BEAUX_p_TCGA_b109_SNP_2N_GenomeWideSNP_6_G01_772064.CEL
Processing 197 of 710: /Volumes/Moon/TCGA_BRCA/data_DNA/WRIED_p_TCGA_143_147_150_Hahn_N_GenomeWideSNP_6_E09_799894.CEL
Processing 198 of 710: /Volumes/Moon/TCGA_BRCA/data_DNA/EXINE_p_TCGA_b142_SNP_N_GenomeWideSNP_6_G09_802384.CEL
Processing 199 of 710: /Volumes/Moon/TCGA_BRCA/data_DNA/EXINE_p_TCGA_b142_SNP_N_GenomeWideSNP_6_E12_802434.CEL
Processing 200 of 710: /Volumes/Moon/TCGA_BRCA/data_DNA/GHOUL_p_TCGASNP_b85and51R_N_GenomeWideSNP_6_F02_735248.CEL
Processing 201 of 710: /Volumes/Moon/TCGA_BRCA/data_DNA/GHOUL_p_TCGASNP_b85and51R_N_GenomeWideSNP_6_C02_735200.CEL
Processing 202 of 710: /Volumes/Moon/TCGA_BRCA/data_DNA/GHOUL_p_TCGASNP_b85and51R_N_GenomeWideSNP_6_C05_735300.CEL
Processing 203 of 710: /Volumes/Moon/TCGA_BRCA/data_DNA/GHOUL_p_TCGASNP_b85and51R_N_GenomeWideSNP_6_A04_735228.CEL
Processing 204 of 710: /Volumes/Moon/TCGA_BRCA/data_DNA/BEAUX_p_TCGA_b109_SNP_2N_GenomeWideSNP_6_D01_772210.CEL
Processing 205 of 710: /Volumes/Moon/TCGA_BRCA/data_DNA/BEAUX_p_TCGA_b109_SNP_2N_GenomeWideSNP_6_C08_772120.CEL
Processing 206 of 710: /Volumes/Moon/TCGA_BRCA/data_DNA/BEAUX_p_TCGA_b109_SNP_2N_GenomeWideSNP_6_F03_772070.CEL
Processing 207 of 710: /Volumes/Moon/TCGA_BRCA/data_DNA/BEAUX_p_TCGA_b109_SNP_2N_GenomeWideSNP_6_B01_772124.CEL
Processing 208 of 710: /Volumes/Moon/TCGA_BRCA/data_DNA/BULGY_p_TCGA_bM1_124_SNP_N_GenomeWideSNP_6_D12_780780.CEL
Processing 209 of 710: /Volumes/Moon/TCGA_BRCA/data_DNA/BULGY_p_TCGA_bM1_124_SNP_N_GenomeWideSNP_6_C10_780952.CEL
Processing 210 of 710: /Volumes/Moon/TCGA_BRCA/data_DNA/WRIED_p_TCGA_143_147_150_Hahn_N_GenomeWideSNP_6_G09_799866.CEL
Processing 211 of 710: /Volumes/Moon/TCGA_BRCA/data_DNA/WRIED_p_TCGA_143_147_150_Hahn_N_GenomeWideSNP_6_A11_799964.CEL
Processing 212 of 710: /Volumes/Moon/TCGA_BRCA/data_DNA/WRIED_p_TCGA_143_147_150_Hahn_N_GenomeWideSNP_6_E01_799814.CEL
Processing 213 of 710: /Volumes/Moon/TCGA_BRCA/data_DNA/GAMMA_p_TCGA_b103_104_SNP_N_GenomeWideSNP_6_G01_755818.CEL
Processing 214 of 710: /Volumes/Moon/TCGA_BRCA/data_DNA/HITCH_p_TCGASNP_b93_N_GenomeWideSNP_6_A11_741394.CEL
Processing 215 of 710: /Volumes/Moon/TCGA_BRCA/data_DNA/GHOUL_p_TCGASNP_b85and51R_N_GenomeWideSNP_6_A09_735258.CEL
Processing 216 of 710: /Volumes/Moon/TCGA_BRCA/data_DNA/HITCH_p_TCGASNP_b93_N_GenomeWideSNP_6_E04_741512.CEL
Processing 217 of 710: /Volumes/Moon/TCGA_BRCA/data_DNA/JOUAL_p_TCGA_b96_SNP_N_GenomeWideSNP_6_B01_747920.CEL
Processing 218 of 710: /Volumes/Moon/TCGA_BRCA/data_DNA/JOUAL_p_TCGA_b96_SNP_N_GenomeWideSNP_6_F10_747982.CEL
Processing 219 of 710: /Volumes/Moon/TCGA_BRCA/data_DNA/GOOFS_p_TCGA_b117_118_SNP_N_GenomeWideSNP_6_F10_778066.CEL
Processing 220 of 710: /Volumes/Moon/TCGA_BRCA/data_DNA/BULGY_p_TCGA_bM1_124_SNP_N_GenomeWideSNP_6_A03_780810.CEL
Processing 221 of 710: /Volumes/Moon/TCGA_BRCA/data_DNA/USAGE_p_TCGA_132_133_136_SNP_N_GenomeWideSNP_6_H12_787498.CEL
Processing 222 of 710: /Volumes/Moon/TCGA_BRCA/data_DNA/CHEEP_p_TCGA_b120_121_SNP_N_GenomeWideSNP_6_A06_777686.CEL
Processing 223 of 710: /Volumes/Moon/TCGA_BRCA/data_DNA/GOOFS_p_TCGA_b117_118_SNP_N_GenomeWideSNP_6_B09_778048.CEL
Processing 224 of 710: /Volumes/Moon/TCGA_BRCA/data_DNA/GOOFS_p_TCGA_b117_118_SNP_N_GenomeWideSNP_6_C04_778012.CEL
Processing 225 of 710: /Volumes/Moon/TCGA_BRCA/data_DNA/USAGE_p_TCGA_132_133_136_SNP_N_GenomeWideSNP_6_D10_787616.CEL
Processing 226 of 710: /Volumes/Moon/TCGA_BRCA/data_DNA/GOOFS_p_TCGA_b117_118_SNP_N_GenomeWideSNP_6_G08_778140.CEL
Processing 227 of 710: /Volumes/Moon/TCGA_BRCA/data_DNA/GOOFS_p_TCGA_b117_118_SNP_N_GenomeWideSNP_6_A11_778118.CEL
Processing 228 of 710: /Volumes/Moon/TCGA_BRCA/data_DNA/GOOFS_p_TCGA_b117_118_SNP_N_GenomeWideSNP_6_G12_778082.CEL
Processing 229 of 710: /Volumes/Moon/TCGA_BRCA/data_DNA/GOOFS_p_TCGA_b117_118_SNP_N_GenomeWideSNP_6_B08_777998.CEL
Processing 230 of 710: /Volumes/Moon/TCGA_BRCA/data_DNA/GOOFS_p_TCGA_b117_118_SNP_N_GenomeWideSNP_6_E08_778142.CEL
Processing 231 of 710: /Volumes/Moon/TCGA_BRCA/data_DNA/BULGY_p_TCGA_bM1_124_SNP_N_GenomeWideSNP_6_C04_780824.CEL
Processing 232 of 710: /Volumes/Moon/TCGA_BRCA/data_DNA/COZEN_p_TCGAb56_SNP_2N_GenomeWideSNP_6_E12_667170.CEL
Processing 233 of 710: /Volumes/Moon/TCGA_BRCA/data_DNA/GHOUL_p_TCGASNP_b85and51R_N_GenomeWideSNP_6_C01_735380.CEL
Processing 234 of 710: /Volumes/Moon/TCGA_BRCA/data_DNA/HITCH_p_TCGASNP_b93_N_GenomeWideSNP_6_A02_741404.CEL
Processing 235 of 710: /Volumes/Moon/TCGA_BRCA/data_DNA/WRIED_p_TCGA_143_147_150_Hahn_N_GenomeWideSNP_6_G03_799938.CEL
Processing 236 of 710: /Volumes/Moon/TCGA_BRCA/data_DNA/USAGE_p_TCGA_132_133_136_SNP_N_GenomeWideSNP_6_H08_787514.CEL
Processing 237 of 710: /Volumes/Moon/TCGA_BRCA/data_DNA/EXINE_p_TCGA_b142_SNP_N_GenomeWideSNP_6_B03_802388.CEL
Processing 238 of 710: /Volumes/Moon/TCGA_BRCA/data_DNA/WRIED_p_TCGA_143_147_150_Hahn_N_GenomeWideSNP_6_F07_799994.CEL
Processing 239 of 710: /Volumes/Moon/TCGA_BRCA/data_DNA/BULGY_p_TCGA_bM1_124_SNP_N_GenomeWideSNP_6_C11_780854.CEL
Processing 240 of 710: /Volumes/Moon/TCGA_BRCA/data_DNA/CHEEP_p_TCGA_b120_121_SNP_N_GenomeWideSNP_6_B01_777766.CEL
Processing 241 of 710: /Volumes/Moon/TCGA_BRCA/data_DNA/BULGY_p_TCGA_bM1_124_SNP_N_GenomeWideSNP_6_E11_780906.CEL
Processing 242 of 710: /Volumes/Moon/TCGA_BRCA/data_DNA/CHEEP_p_TCGA_b120_121_SNP_N_GenomeWideSNP_6_G10_777688.CEL
Processing 243 of 710: /Volumes/Moon/TCGA_BRCA/data_DNA/USAGE_p_TCGA_132_133_136_SNP_N_GenomeWideSNP_6_F10_787486.CEL
Processing 244 of 710: /Volumes/Moon/TCGA_BRCA/data_DNA/USAGE_p_TCGA_132_133_136_SNP_N_GenomeWideSNP_6_H06_787574.CEL
Processing 245 of 710: /Volumes/Moon/TCGA_BRCA/data_DNA/USAGE_p_TCGA_132_133_136_SNP_N_GenomeWideSNP_6_B06_787606.CEL
Processing 246 of 710: /Volumes/Moon/TCGA_BRCA/data_DNA/USAGE_p_TCGA_132_133_136_SNP_N_GenomeWideSNP_6_G07_787458.CEL
Processing 247 of 710: /Volumes/Moon/TCGA_BRCA/data_DNA/EXINE_p_TCGA_b142_SNP_N_GenomeWideSNP_6_A08_802468.CEL
Processing 248 of 710: /Volumes/Moon/TCGA_BRCA/data_DNA/EXINE_p_TCGA_b142_SNP_N_GenomeWideSNP_6_C02_802398.CEL
Processing 249 of 710: /Volumes/Moon/TCGA_BRCA/data_DNA/WRIED_p_TCGA_143_147_150_Hahn_N_GenomeWideSNP_6_F09_799842.CEL
Processing 250 of 710: /Volumes/Moon/TCGA_BRCA/data_DNA/EXINE_p_TCGA_b142_SNP_N_GenomeWideSNP_6_C06_802374.CEL
Processing 251 of 710: /Volumes/Moon/TCGA_BRCA/data_DNA/COMIC_p_TCGA_b142_SNP_S_GenomeWideSNP_6_H01_804442.CEL
Processing 252 of 710: /Volumes/Moon/TCGA_BRCA/data_DNA/COMIC_p_TCGA_b142_SNP_S_GenomeWideSNP_6_H04_804488.CEL
Processing 253 of 710: /Volumes/Moon/TCGA_BRCA/data_DNA/EXINE_p_TCGA_b142_SNP_N_GenomeWideSNP_6_G06_802446.CEL
Processing 254 of 710: /Volumes/Moon/TCGA_BRCA/data_DNA/GOOFS_p_TCGA_b117_118_SNP_N_GenomeWideSNP_6_D08_777960.CEL
Processing 255 of 710: /Volumes/Moon/TCGA_BRCA/data_DNA/URAEI_p_TCGASNP_b85_N_GenomeWideSNP_6_G11_735166.CEL
Processing 256 of 710: /Volumes/Moon/TCGA_BRCA/data_DNA/SHAWM_p_TCGAb72_SNP_N_GenomeWideSNP_6_E04_698126.CEL
Processing 257 of 710: /Volumes/Moon/TCGA_BRCA/data_DNA/GOOFS_p_TCGA_b117_118_SNP_N_GenomeWideSNP_6_E07_778070.CEL
Processing 258 of 710: /Volumes/Moon/TCGA_BRCA/data_DNA/GOOFS_p_TCGA_b117_118_SNP_N_GenomeWideSNP_6_A07_778002.CEL
Processing 259 of 710: /Volumes/Moon/TCGA_BRCA/data_DNA/GOOFS_p_TCGA_b117_118_SNP_N_GenomeWideSNP_6_C08_778092.CEL
Processing 260 of 710: /Volumes/Moon/TCGA_BRCA/data_DNA/SHAWM_p_TCGAb72_SNP_N_GenomeWideSNP_6_C11_698072.CEL
Processing 261 of 710: /Volumes/Moon/TCGA_BRCA/data_DNA/SHAWM_p_TCGAb72_SNP_N_GenomeWideSNP_6_B09_698004.CEL
Processing 262 of 710: /Volumes/Moon/TCGA_BRCA/data_DNA/GOOFS_p_TCGA_b117_118_SNP_N_GenomeWideSNP_6_G07_778100.CEL
Processing 263 of 710: /Volumes/Moon/TCGA_BRCA/data_DNA/URAEI_p_TCGASNP_b85_N_GenomeWideSNP_6_E04_735076.CEL
Processing 264 of 710: /Volumes/Moon/TCGA_BRCA/data_DNA/SHUCK_p_TCGAb74and75_SNP_N_GenomeWideSNP_6_D01_730928.CEL
Processing 265 of 710: /Volumes/Moon/TCGA_BRCA/data_DNA/BONZE_p_TCGAb56_SNP_1N_GenomeWideSNP_6_E12_667024.CEL
Processing 266 of 710: /Volumes/Moon/TCGA_BRCA/data_DNA/BONZE_p_TCGAb56_SNP_1N_GenomeWideSNP_6_D01_666888.CEL
Processing 267 of 710: /Volumes/Moon/TCGA_BRCA/data_DNA/BONZE_p_TCGAb56_SNP_1N_GenomeWideSNP_6_E03_666982.CEL
Processing 268 of 710: /Volumes/Moon/TCGA_BRCA/data_DNA/URAEI_p_TCGASNP_b85_N_GenomeWideSNP_6_C08_735010.CEL
Processing 269 of 710: /Volumes/Moon/TCGA_BRCA/data_DNA/BONZE_p_TCGAb56_SNP_1N_GenomeWideSNP_6_D08_666918.CEL
Processing 270 of 710: /Volumes/Moon/TCGA_BRCA/data_DNA/BONZE_p_TCGAb56_SNP_1N_GenomeWideSNP_6_D10_666988.CEL
Processing 271 of 710: /Volumes/Moon/TCGA_BRCA/data_DNA/URAEI_p_TCGASNP_b85_N_GenomeWideSNP_6_B03_735012.CEL
Processing 272 of 710: /Volumes/Moon/TCGA_BRCA/data_DNA/BITES_p_TCGAb61_SNP_S_GenomeWideSNP_6_E06_697086.CEL
Processing 273 of 710: /Volumes/Moon/TCGA_BRCA/data_DNA/BONZE_p_TCGAb56_SNP_1N_GenomeWideSNP_6_A11_666908.CEL
Processing 274 of 710: /Volumes/Moon/TCGA_BRCA/data_DNA/URAEI_p_TCGASNP_b85_N_GenomeWideSNP_6_B11_735176.CEL
Processing 275 of 710: /Volumes/Moon/TCGA_BRCA/data_DNA/URAEI_p_TCGASNP_b85_N_GenomeWideSNP_6_E05_735020.CEL
Processing 276 of 710: /Volumes/Moon/TCGA_BRCA/data_DNA/CUSKS_p_TCGAb47_SNP_1N_GenomeWideSNP_6_B03_628222.CEL
Processing 277 of 710: /Volumes/Moon/TCGA_BRCA/data_DNA/BONZE_p_TCGAb56_SNP_1N_GenomeWideSNP_6_B01_667042.CEL
Processing 278 of 710: /Volumes/Moon/TCGA_BRCA/data_DNA/URAEI_p_TCGASNP_b85_N_GenomeWideSNP_6_H02_735024.CEL
Processing 279 of 710: /Volumes/Moon/TCGA_BRCA/data_DNA/CUSKS_p_TCGAb47_SNP_1N_GenomeWideSNP_6_B12_628398.CEL
Processing 280 of 710: /Volumes/Moon/TCGA_BRCA/data_DNA/BONZE_p_TCGAb56_SNP_1N_GenomeWideSNP_6_G01_666948.CEL
Processing 281 of 710: /Volumes/Moon/TCGA_BRCA/data_DNA/SHAWM_p_TCGAb72_SNP_N_GenomeWideSNP_6_C02_698022.CEL
Processing 282 of 710: /Volumes/Moon/TCGA_BRCA/data_DNA/BONZE_p_TCGAb56_SNP_1N_GenomeWideSNP_6_H02_666912.CEL
Processing 283 of 710: /Volumes/Moon/TCGA_BRCA/data_DNA/BONZE_p_TCGAb56_SNP_1N_GenomeWideSNP_6_G10_667026.CEL
Processing 284 of 710: /Volumes/Moon/TCGA_BRCA/data_DNA/URAEI_p_TCGASNP_b85_N_GenomeWideSNP_6_A09_735006.CEL
Processing 285 of 710: /Volumes/Moon/TCGA_BRCA/data_DNA/BONZE_p_TCGAb56_SNP_1N_GenomeWideSNP_6_D12_667020.CEL
Processing 286 of 710: /Volumes/Moon/TCGA_BRCA/data_DNA/BITES_p_TCGAb61_SNP_S_GenomeWideSNP_6_A06_697120.CEL
Processing 287 of 710: /Volumes/Moon/TCGA_BRCA/data_DNA/BONZE_p_TCGAb56_SNP_1N_GenomeWideSNP_6_E11_666978.CEL
Processing 288 of 710: /Volumes/Moon/TCGA_BRCA/data_DNA/URAEI_p_TCGASNP_b85_N_GenomeWideSNP_6_A10_735078.CEL
Processing 289 of 710: /Volumes/Moon/TCGA_BRCA/data_DNA/BONZE_p_TCGAb56_SNP_1N_GenomeWideSNP_6_F12_667034.CEL
Processing 290 of 710: /Volumes/Moon/TCGA_BRCA/data_DNA/BONZE_p_TCGAb56_SNP_1N_GenomeWideSNP_6_G12_666868.CEL
Processing 291 of 710: /Volumes/Moon/TCGA_BRCA/data_DNA/SHAWM_p_TCGAb72_SNP_N_GenomeWideSNP_6_E08_697982.CEL
Processing 292 of 710: /Volumes/Moon/TCGA_BRCA/data_DNA/SHAWM_p_TCGAb72_SNP_N_GenomeWideSNP_6_C12_698098.CEL
Processing 293 of 710: /Volumes/Moon/TCGA_BRCA/data_DNA/SHAWM_p_TCGAb72_SNP_N_GenomeWideSNP_6_B05_698158.CEL
Processing 294 of 710: /Volumes/Moon/TCGA_BRCA/data_DNA/SHAWM_p_TCGAb72_SNP_N_GenomeWideSNP_6_H04_698130.CEL
Processing 295 of 710: /Volumes/Moon/TCGA_BRCA/data_DNA/URAEI_p_TCGASNP_b85_N_GenomeWideSNP_6_H01_735022.CEL
Processing 296 of 710: /Volumes/Moon/TCGA_BRCA/data_DNA/SHAWM_p_TCGAb72_SNP_N_GenomeWideSNP_6_F01_698076.CEL
Processing 297 of 710: /Volumes/Moon/TCGA_BRCA/data_DNA/SHAWM_p_TCGAb72_SNP_N_GenomeWideSNP_6_D06_698108.CEL
Processing 298 of 710: /Volumes/Moon/TCGA_BRCA/data_DNA/SHAWM_p_TCGAb72_SNP_N_GenomeWideSNP_6_H05_698028.CEL
Processing 299 of 710: /Volumes/Moon/TCGA_BRCA/data_DNA/SHUCK_p_TCGAb74and75_SNP_N_GenomeWideSNP_6_B10_731066.CEL
Processing 300 of 710: /Volumes/Moon/TCGA_BRCA/data_DNA/SHUCK_p_TCGAb74and75_SNP_N_GenomeWideSNP_6_G08_730988.CEL
Processing 301 of 710: /Volumes/Moon/TCGA_BRCA/data_DNA/SHUCK_p_TCGAb74and75_SNP_N_GenomeWideSNP_6_E07_730926.CEL
Processing 302 of 710: /Volumes/Moon/TCGA_BRCA/data_DNA/SHUCK_p_TCGAb74and75_SNP_N_GenomeWideSNP_6_F05_730920.CEL
Processing 303 of 710: /Volumes/Moon/TCGA_BRCA/data_DNA/SHUCK_p_TCGAb74and75_SNP_N_GenomeWideSNP_6_H06_730950.CEL
Processing 304 of 710: /Volumes/Moon/TCGA_BRCA/data_DNA/ETUIS_p_TCGASNP_b80_83_N_GenomeWideSNP_6_D06_734736.CEL
Processing 305 of 710: /Volumes/Moon/TCGA_BRCA/data_DNA/SHUCK_p_TCGAb74and75_SNP_N_GenomeWideSNP_6_H07_731050.CEL
Processing 306 of 710: /Volumes/Moon/TCGA_BRCA/data_DNA/SHUCK_p_TCGAb74and75_SNP_N_GenomeWideSNP_6_B07_731028.CEL
Processing 307 of 710: /Volumes/Moon/TCGA_BRCA/data_DNA/SHUCK_p_TCGAb74and75_SNP_N_GenomeWideSNP_6_E03_731010.CEL
Processing 308 of 710: /Volumes/Moon/TCGA_BRCA/data_DNA/SHUCK_p_TCGAb74and75_SNP_N_GenomeWideSNP_6_G12_731086.CEL
Processing 309 of 710: /Volumes/Moon/TCGA_BRCA/data_DNA/RANDS_p_TCGA_b109_SNP_1N_GenomeWideSNP_6_B01_771922.CEL
Processing 310 of 710: /Volumes/Moon/TCGA_BRCA/data_DNA/RANDS_p_TCGA_b109_SNP_1N_GenomeWideSNP_6_F12_771994.CEL
Processing 311 of 710: /Volumes/Moon/TCGA_BRCA/data_DNA/RANDS_p_TCGA_b109_SNP_1N_GenomeWideSNP_6_F08_771892.CEL
Processing 312 of 710: /Volumes/Moon/TCGA_BRCA/data_DNA/CHEEP_p_TCGA_b120_121_SNP_N_GenomeWideSNP_6_G05_777660.CEL
Processing 313 of 710: /Volumes/Moon/TCGA_BRCA/data_DNA/RANDS_p_TCGA_b109_SNP_1N_GenomeWideSNP_6_E07_771986.CEL
Processing 314 of 710: /Volumes/Moon/TCGA_BRCA/data_DNA/RANDS_p_TCGA_b109_SNP_1N_GenomeWideSNP_6_D02_771962.CEL
Processing 315 of 710: /Volumes/Moon/TCGA_BRCA/data_DNA/WRIED_p_TCGA_143_147_150_Hahn_N_GenomeWideSNP_6_A05_799860.CEL
Processing 316 of 710: /Volumes/Moon/TCGA_BRCA/data_DNA/WRIED_p_TCGA_143_147_150_Hahn_N_GenomeWideSNP_6_A07_799952.CEL
Processing 317 of 710: /Volumes/Moon/TCGA_BRCA/data_DNA/EXINE_p_TCGA_b142_SNP_N_GenomeWideSNP_6_D11_802328.CEL
Processing 318 of 710: /Volumes/Moon/TCGA_BRCA/data_DNA/EXINE_p_TCGA_b142_SNP_N_GenomeWideSNP_6_C01_802470.CEL
Processing 319 of 710: /Volumes/Moon/TCGA_BRCA/data_DNA/WRIED_p_TCGA_143_147_150_Hahn_N_GenomeWideSNP_6_G01_799968.CEL
Processing 320 of 710: /Volumes/Moon/TCGA_BRCA/data_DNA/EXINE_p_TCGA_b142_SNP_N_GenomeWideSNP_6_G07_802412.CEL
Processing 321 of 710: /Volumes/Moon/TCGA_BRCA/data_DNA/CUSKS_p_TCGAb47_SNP_1N_GenomeWideSNP_6_D11_628352.CEL
Processing 322 of 710: /Volumes/Moon/TCGA_BRCA/data_DNA/CUSKS_p_TCGAb47_SNP_1N_GenomeWideSNP_6_A04_628246.CEL
Processing 323 of 710: /Volumes/Moon/TCGA_BRCA/data_DNA/CUSKS_p_TCGAb47_SNP_1N_GenomeWideSNP_6_B08_628260.CEL
Processing 324 of 710: /Volumes/Moon/TCGA_BRCA/data_DNA/EXINE_p_TCGA_b142_SNP_N_GenomeWideSNP_6_A11_802346.CEL
Processing 325 of 710: /Volumes/Moon/TCGA_BRCA/data_DNA/EXINE_p_TCGA_b142_SNP_N_GenomeWideSNP_6_A04_802492.CEL
Processing 326 of 710: /Volumes/Moon/TCGA_BRCA/data_DNA/EXINE_p_TCGA_b142_SNP_N_GenomeWideSNP_6_G03_802382.CEL
Processing 327 of 710: /Volumes/Moon/TCGA_BRCA/data_DNA/CUSKS_p_TCGAb47_SNP_1N_GenomeWideSNP_6_G03_628326.CEL
Processing 328 of 710: /Volumes/Moon/TCGA_BRCA/data_DNA/CUSKS_p_TCGAb47_SNP_1N_GenomeWideSNP_6_F01_628342.CEL
Processing 329 of 710: /Volumes/Moon/TCGA_BRCA/data_DNA/CUSKS_p_TCGAb47_SNP_1N_GenomeWideSNP_6_D12_628362.CEL
Processing 330 of 710: /Volumes/Moon/TCGA_BRCA/data_DNA/BONZE_p_TCGAb56_SNP_1N_GenomeWideSNP_6_B07_666956.CEL
Processing 331 of 710: /Volumes/Moon/TCGA_BRCA/data_DNA/CUSKS_p_TCGAb47_SNP_1N_GenomeWideSNP_6_C01_628386.CEL
Processing 332 of 710: /Volumes/Moon/TCGA_BRCA/data_DNA/CUSKS_p_TCGAb47_SNP_1N_GenomeWideSNP_6_B09_628336.CEL
Processing 333 of 710: /Volumes/Moon/TCGA_BRCA/data_DNA/CUSKS_p_TCGAb47_SNP_1N_GenomeWideSNP_6_D07_628308.CEL
Processing 334 of 710: /Volumes/Moon/TCGA_BRCA/data_DNA/CUSKS_p_TCGAb47_SNP_1N_GenomeWideSNP_6_G04_628392.CEL
Processing 335 of 710: /Volumes/Moon/TCGA_BRCA/data_DNA/SHAWM_p_TCGAb72_SNP_N_GenomeWideSNP_6_E12_697988.CEL
Processing 336 of 710: /Volumes/Moon/TCGA_BRCA/data_DNA/CUSKS_p_TCGAb47_SNP_1N_GenomeWideSNP_6_F02_628360.CEL
Processing 337 of 710: /Volumes/Moon/TCGA_BRCA/data_DNA/CUSKS_p_TCGAb47_SNP_1N_GenomeWideSNP_6_E11_628244.CEL
Processing 338 of 710: /Volumes/Moon/TCGA_BRCA/data_DNA/CUSKS_p_TCGAb47_SNP_1N_GenomeWideSNP_6_C05_628400.CEL
Processing 339 of 710: /Volumes/Moon/TCGA_BRCA/data_DNA/BONZE_p_TCGAb56_SNP_1N_GenomeWideSNP_6_A10_666932.CEL
Processing 340 of 710: /Volumes/Moon/TCGA_BRCA/data_DNA/CUSKS_p_TCGAb47_SNP_1N_GenomeWideSNP_6_C02_628316.CEL
Processing 341 of 710: /Volumes/Moon/TCGA_BRCA/data_DNA/BONZE_p_TCGAb56_SNP_1N_GenomeWideSNP_6_A12_667004.CEL
Processing 342 of 710: /Volumes/Moon/TCGA_BRCA/data_DNA/CUSKS_p_TCGAb47_SNP_1N_GenomeWideSNP_6_E02_628380.CEL
Processing 343 of 710: /Volumes/Moon/TCGA_BRCA/data_DNA/CUSKS_p_TCGAb47_SNP_1N_GenomeWideSNP_6_B10_628262.CEL
Processing 344 of 710: /Volumes/Moon/TCGA_BRCA/data_DNA/CUSKS_p_TCGAb47_SNP_1N_GenomeWideSNP_6_D08_628230.CEL
Processing 345 of 710: /Volumes/Moon/TCGA_BRCA/data_DNA/CUSKS_p_TCGAb47_SNP_1N_GenomeWideSNP_6_G07_628266.CEL
Processing 346 of 710: /Volumes/Moon/TCGA_BRCA/data_DNA/CUSKS_p_TCGAb47_SNP_1N_GenomeWideSNP_6_F12_628358.CEL
Processing 347 of 710: /Volumes/Moon/TCGA_BRCA/data_DNA/CUSKS_p_TCGAb47_SNP_1N_GenomeWideSNP_6_F05_628300.CEL
Processing 348 of 710: /Volumes/Moon/TCGA_BRCA/data_DNA/CUSKS_p_TCGAb47_SNP_1N_GenomeWideSNP_6_B06_628276.CEL
Processing 349 of 710: /Volumes/Moon/TCGA_BRCA/data_DNA/CUSKS_p_TCGAb47_SNP_1N_GenomeWideSNP_6_E09_628296.CEL
Processing 350 of 710: /Volumes/Moon/TCGA_BRCA/data_DNA/CUSKS_p_TCGAb47_SNP_1N_GenomeWideSNP_6_H02_628288.CEL
Processing 351 of 710: /Volumes/Moon/TCGA_BRCA/data_DNA/CUSKS_p_TCGAb47_SNP_1N_GenomeWideSNP_6_G08_628354.CEL
Processing 352 of 710: /Volumes/Moon/TCGA_BRCA/data_DNA/CUSKS_p_TCGAb47_SNP_1N_GenomeWideSNP_6_C10_628234.CEL
Processing 353 of 710: /Volumes/Moon/TCGA_BRCA/data_DNA/CUSKS_p_TCGAb47_SNP_1N_GenomeWideSNP_6_G05_628384.CEL
Processing 354 of 710: /Volumes/Moon/TCGA_BRCA/data_DNA/CUSKS_p_TCGAb47_SNP_1N_GenomeWideSNP_6_C06_628334.CEL
Processing 355 of 710: /Volumes/Moon/TCGA_BRCA/data_DNA/CUSKS_p_TCGAb47_SNP_1N_GenomeWideSNP_6_B11_628298.CEL
Processing 356 of 710: /Volumes/Moon/TCGA_BRCA/data_DNA/CUSKS_p_TCGAb47_SNP_1N_GenomeWideSNP_6_H05_628338.CEL
Processing 357 of 710: /Volumes/Moon/TCGA_BRCA/data_DNA/CUSKS_p_TCGAb47_SNP_1N_GenomeWideSNP_6_G11_628224.CEL
Processing 358 of 710: /Volumes/Moon/TCGA_BRCA/data_DNA/BITES_p_TCGAb61_SNP_S_GenomeWideSNP_6_F03_697102.CEL
Processing 359 of 710: /Volumes/Moon/TCGA_BRCA/data_DNA/CUSKS_p_TCGAb47_SNP_1N_GenomeWideSNP_6_A11_628370.CEL
Processing 360 of 710: /Volumes/Moon/TCGA_BRCA/data_DNA/BONZE_p_TCGAb56_SNP_1N_GenomeWideSNP_6_E06_666884.CEL
Processing 361 of 710: /Volumes/Moon/TCGA_BRCA/data_DNA/CUSKS_p_TCGAb47_SNP_1N_GenomeWideSNP_6_A05_628252.CEL
Processing 362 of 710: /Volumes/Moon/TCGA_BRCA/data_DNA/HAULS_p_TCGAb47_SNP_2N_GenomeWideSNP_6_C02_628518.CEL
Processing 363 of 710: /Volumes/Moon/TCGA_BRCA/data_DNA/HAULS_p_TCGAb47_SNP_2N_GenomeWideSNP_6_G01_628418.CEL
Processing 364 of 710: /Volumes/Moon/TCGA_BRCA/data_DNA/HAULS_p_TCGAb47_SNP_2N_GenomeWideSNP_6_D01_628578.CEL
Processing 365 of 710: /Volumes/Moon/TCGA_BRCA/data_DNA/HAULS_p_TCGAb47_SNP_2N_GenomeWideSNP_6_H02_628426.CEL
Processing 366 of 710: /Volumes/Moon/TCGA_BRCA/data_DNA/HAULS_p_TCGAb47_SNP_2N_GenomeWideSNP_6_A07_628480.CEL
Processing 367 of 710: /Volumes/Moon/TCGA_BRCA/data_DNA/HAULS_p_TCGAb47_SNP_2N_GenomeWideSNP_6_B03_628532.CEL
Processing 368 of 710: /Volumes/Moon/TCGA_BRCA/data_DNA/BONZE_p_TCGAb56_SNP_1N_GenomeWideSNP_6_F08_666890.CEL
Processing 369 of 710: /Volumes/Moon/TCGA_BRCA/data_DNA/HAULS_p_TCGAb47_SNP_2N_GenomeWideSNP_6_E07_628428.CEL
Processing 370 of 710: /Volumes/Moon/TCGA_BRCA/data_DNA/HAULS_p_TCGAb47_SNP_2N_GenomeWideSNP_6_E03_628452.CEL
Processing 371 of 710: /Volumes/Moon/TCGA_BRCA/data_DNA/HAULS_p_TCGAb47_SNP_2N_GenomeWideSNP_6_E06_628564.CEL
Processing 372 of 710: /Volumes/Moon/TCGA_BRCA/data_DNA/HAULS_p_TCGAb47_SNP_2N_GenomeWideSNP_6_H06_628534.CEL
Processing 373 of 710: /Volumes/Moon/TCGA_BRCA/data_DNA/HAULS_p_TCGAb47_SNP_2N_GenomeWideSNP_6_G11_628588.CEL
Processing 374 of 710: /Volumes/Moon/TCGA_BRCA/data_DNA/BONZE_p_TCGAb56_SNP_1N_GenomeWideSNP_6_G04_666952.CEL
Processing 375 of 710: /Volumes/Moon/TCGA_BRCA/data_DNA/HAULS_p_TCGAb47_SNP_2N_GenomeWideSNP_6_G03_628460.CEL
Processing 376 of 710: /Volumes/Moon/TCGA_BRCA/data_DNA/HAULS_p_TCGAb47_SNP_2N_GenomeWideSNP_6_E08_628562.CEL
Processing 377 of 710: /Volumes/Moon/TCGA_BRCA/data_DNA/HAULS_p_TCGAb47_SNP_2N_GenomeWideSNP_6_G08_628514.CEL
Processing 378 of 710: /Volumes/Moon/TCGA_BRCA/data_DNA/HAULS_p_TCGAb47_SNP_2N_GenomeWideSNP_6_H07_628464.CEL
Processing 379 of 710: /Volumes/Moon/TCGA_BRCA/data_DNA/HAULS_p_TCGAb47_SNP_2N_GenomeWideSNP_6_A05_628560.CEL
Processing 380 of 710: /Volumes/Moon/TCGA_BRCA/data_DNA/BONZE_p_TCGAb56_SNP_1N_GenomeWideSNP_6_H06_666958.CEL
Processing 381 of 710: /Volumes/Moon/TCGA_BRCA/data_DNA/HAULS_p_TCGAb47_SNP_2N_GenomeWideSNP_6_E09_628592.CEL
Processing 382 of 710: /Volumes/Moon/TCGA_BRCA/data_DNA/BONZE_p_TCGAb56_SNP_1N_GenomeWideSNP_6_A04_666910.CEL
Processing 383 of 710: /Volumes/Moon/TCGA_BRCA/data_DNA/HAULS_p_TCGAb47_SNP_2N_GenomeWideSNP_6_A04_628540.CEL
Processing 384 of 710: /Volumes/Moon/TCGA_BRCA/data_DNA/HAULS_p_TCGAb47_SNP_2N_GenomeWideSNP_6_H08_628434.CEL
Processing 385 of 710: /Volumes/Moon/TCGA_BRCA/data_DNA/BONZE_p_TCGAb56_SNP_1N_GenomeWideSNP_6_C04_667032.CEL
Processing 386 of 710: /Volumes/Moon/TCGA_BRCA/data_DNA/BITES_p_TCGAb61_SNP_S_GenomeWideSNP_6_D06_697024.CEL
Processing 387 of 710: /Volumes/Moon/TCGA_BRCA/data_DNA/EXINE_p_TCGA_b142_SNP_N_GenomeWideSNP_6_E05_802360.CEL
Processing 388 of 710: /Volumes/Moon/TCGA_BRCA/data_DNA/USAGE_p_TCGA_132_133_136_SNP_N_GenomeWideSNP_6_D06_787586.CEL
Processing 389 of 710: /Volumes/Moon/TCGA_BRCA/data_DNA/BONZE_p_TCGAb56_SNP_1N_GenomeWideSNP_6_E02_667000.CEL
Processing 390 of 710: /Volumes/Moon/TCGA_BRCA/data_DNA/HAULS_p_TCGAb47_SNP_2N_GenomeWideSNP_6_E01_628406.CEL
Processing 391 of 710: /Volumes/Moon/TCGA_BRCA/data_DNA/BONZE_p_TCGAb56_SNP_1N_GenomeWideSNP_6_D07_667028.CEL
Processing 392 of 710: /Volumes/Moon/TCGA_BRCA/data_DNA/HAULS_p_TCGAb47_SNP_2N_GenomeWideSNP_6_B12_628442.CEL
Processing 393 of 710: /Volumes/Moon/TCGA_BRCA/data_DNA/BONZE_p_TCGAb56_SNP_1N_GenomeWideSNP_6_A03_667036.CEL
Processing 394 of 710: /Volumes/Moon/TCGA_BRCA/data_DNA/HAULS_p_TCGAb47_SNP_2N_GenomeWideSNP_6_B10_628566.CEL
Processing 395 of 710: /Volumes/Moon/TCGA_BRCA/data_DNA/BONZE_p_TCGAb56_SNP_1N_GenomeWideSNP_6_G07_666954.CEL
Processing 396 of 710: /Volumes/Moon/TCGA_BRCA/data_DNA/BONZE_p_TCGAb56_SNP_1N_GenomeWideSNP_6_H09_666874.CEL
Processing 397 of 710: /Volumes/Moon/TCGA_BRCA/data_DNA/HAULS_p_TCGAb47_SNP_2N_GenomeWideSNP_6_F02_628404.CEL
Processing 398 of 710: /Volumes/Moon/TCGA_BRCA/data_DNA/BONZE_p_TCGAb56_SNP_1N_GenomeWideSNP_6_F11_667008.CEL
Processing 399 of 710: /Volumes/Moon/TCGA_BRCA/data_DNA/COZEN_p_TCGAb56_SNP_2N_GenomeWideSNP_6_F10_667156.CEL
Processing 400 of 710: /Volumes/Moon/TCGA_BRCA/data_DNA/COZEN_p_TCGAb56_SNP_2N_GenomeWideSNP_6_B07_667218.CEL
Processing 401 of 710: /Volumes/Moon/TCGA_BRCA/data_DNA/COZEN_p_TCGAb56_SNP_2N_GenomeWideSNP_6_A08_667112.CEL
Processing 402 of 710: /Volumes/Moon/TCGA_BRCA/data_DNA/COZEN_p_TCGAb56_SNP_2N_GenomeWideSNP_6_H07_667210.CEL
Processing 403 of 710: /Volumes/Moon/TCGA_BRCA/data_DNA/COZEN_p_TCGAb56_SNP_2N_GenomeWideSNP_6_F01_667152.CEL
Processing 404 of 710: /Volumes/Moon/TCGA_BRCA/data_DNA/COZEN_p_TCGAb56_SNP_2N_GenomeWideSNP_6_H03_667186.CEL
Processing 405 of 710: /Volumes/Moon/TCGA_BRCA/data_DNA/ETUIS_p_TCGASNP_b80_83_N_GenomeWideSNP_6_D10_734748.CEL
Processing 406 of 710: /Volumes/Moon/TCGA_BRCA/data_DNA/SHUCK_p_TCGAb74and75_SNP_N_GenomeWideSNP_6_G03_731048.CEL
Processing 407 of 710: /Volumes/Moon/TCGA_BRCA/data_DNA/SHUCK_p_TCGAb74and75_SNP_N_GenomeWideSNP_6_G07_730974.CEL
Processing 408 of 710: /Volumes/Moon/TCGA_BRCA/data_DNA/SHUCK_p_TCGAb74and75_SNP_N_GenomeWideSNP_6_A09_730954.CEL
Processing 409 of 710: /Volumes/Moon/TCGA_BRCA/data_DNA/SHUCK_p_TCGAb74and75_SNP_N_GenomeWideSNP_6_B02_731052.CEL
Processing 410 of 710: /Volumes/Moon/TCGA_BRCA/data_DNA/SHUCK_p_TCGAb74and75_SNP_N_GenomeWideSNP_6_B05_731084.CEL
Processing 411 of 710: /Volumes/Moon/TCGA_BRCA/data_DNA/SHUCK_p_TCGAb74and75_SNP_N_GenomeWideSNP_6_A05_731058.CEL
Processing 412 of 710: /Volumes/Moon/TCGA_BRCA/data_DNA/BITES_p_TCGAb61_SNP_S_GenomeWideSNP_6_F02_697020.CEL
Processing 413 of 710: /Volumes/Moon/TCGA_BRCA/data_DNA/ETUIS_p_TCGASNP_b80_83_N_GenomeWideSNP_6_A12_734734.CEL
Processing 414 of 710: /Volumes/Moon/TCGA_BRCA/data_DNA/HAULS_p_TCGAb47_SNP_2N_GenomeWideSNP_6_A01_628508.CEL
Processing 415 of 710: /Volumes/Moon/TCGA_BRCA/data_DNA/HAULS_p_TCGAb47_SNP_2N_GenomeWideSNP_6_B05_628466.CEL
Processing 416 of 710: /Volumes/Moon/TCGA_BRCA/data_DNA/COZEN_p_TCGAb56_SNP_2N_GenomeWideSNP_6_G01_667200.CEL
Processing 417 of 710: /Volumes/Moon/TCGA_BRCA/data_DNA/COZEN_p_TCGAb56_SNP_2N_GenomeWideSNP_6_H04_667078.CEL
Processing 418 of 710: /Volumes/Moon/TCGA_BRCA/data_DNA/URAEI_p_TCGASNP_b85_N_GenomeWideSNP_6_G10_735150.CEL
Processing 419 of 710: /Volumes/Moon/TCGA_BRCA/data_DNA/COZEN_p_TCGAb56_SNP_2N_GenomeWideSNP_6_D06_667126.CEL
Processing 420 of 710: /Volumes/Moon/TCGA_BRCA/data_DNA/COZEN_p_TCGAb56_SNP_2N_GenomeWideSNP_6_B04_667212.CEL
Processing 421 of 710: /Volumes/Moon/TCGA_BRCA/data_DNA/COZEN_p_TCGAb56_SNP_2N_GenomeWideSNP_6_C03_667120.CEL
Processing 422 of 710: /Volumes/Moon/TCGA_BRCA/data_DNA/COZEN_p_TCGAb56_SNP_2N_GenomeWideSNP_6_A07_667148.CEL
Processing 423 of 710: /Volumes/Moon/TCGA_BRCA/data_DNA/COZEN_p_TCGAb56_SNP_2N_GenomeWideSNP_6_F11_667108.CEL
Processing 424 of 710: /Volumes/Moon/TCGA_BRCA/data_DNA/BITES_p_TCGAb61_SNP_S_GenomeWideSNP_6_F08_697198.CEL
Processing 425 of 710: /Volumes/Moon/TCGA_BRCA/data_DNA/BITES_p_TCGAb61_SNP_S_GenomeWideSNP_6_H05_697182.CEL
Processing 426 of 710: /Volumes/Moon/TCGA_BRCA/data_DNA/BITES_p_TCGAb61_SNP_S_GenomeWideSNP_6_H06_697098.CEL
Processing 427 of 710: /Volumes/Moon/TCGA_BRCA/data_DNA/BITES_p_TCGAb61_SNP_S_GenomeWideSNP_6_A11_697156.CEL
Processing 428 of 710: /Volumes/Moon/TCGA_BRCA/data_DNA/SHAWM_p_TCGAb72_SNP_N_GenomeWideSNP_6_A03_698128.CEL
Processing 429 of 710: /Volumes/Moon/TCGA_BRCA/data_DNA/BITES_p_TCGAb61_SNP_S_GenomeWideSNP_6_A03_697148.CEL
Processing 430 of 710: /Volumes/Moon/TCGA_BRCA/data_DNA/BITES_p_TCGAb61_SNP_S_GenomeWideSNP_6_G11_697176.CEL
Processing 431 of 710: /Volumes/Moon/TCGA_BRCA/data_DNA/BITES_p_TCGAb61_SNP_S_GenomeWideSNP_6_F09_697188.CEL
Processing 432 of 710: /Volumes/Moon/TCGA_BRCA/data_DNA/ETUIS_p_TCGASNP_b80_83_N_GenomeWideSNP_6_F01_734778.CEL
Processing 433 of 710: /Volumes/Moon/TCGA_BRCA/data_DNA/ETUIS_p_TCGASNP_b80_83_N_GenomeWideSNP_6_H12_734776.CEL
Processing 434 of 710: /Volumes/Moon/TCGA_BRCA/data_DNA/URAEI_p_TCGASNP_b85_N_GenomeWideSNP_6_C01_735156.CEL
Processing 435 of 710: /Volumes/Moon/TCGA_BRCA/data_DNA/ETUIS_p_TCGASNP_b80_83_N_GenomeWideSNP_6_H03_734648.CEL
Processing 436 of 710: /Volumes/Moon/TCGA_BRCA/data_DNA/ETUIS_p_TCGASNP_b80_83_N_GenomeWideSNP_6_H08_734654.CEL
Processing 437 of 710: /Volumes/Moon/TCGA_BRCA/data_DNA/ETUIS_p_TCGASNP_b80_83_N_GenomeWideSNP_6_F12_734782.CEL
Processing 438 of 710: /Volumes/Moon/TCGA_BRCA/data_DNA/URAEI_p_TCGASNP_b85_N_GenomeWideSNP_6_C06_735138.CEL
Processing 439 of 710: /Volumes/Moon/TCGA_BRCA/data_DNA/RANDS_p_TCGA_b109_SNP_1N_GenomeWideSNP_6_B06_771992.CEL
Processing 440 of 710: /Volumes/Moon/TCGA_BRCA/data_DNA/RANDS_p_TCGA_b109_SNP_1N_GenomeWideSNP_6_E04_771990.CEL
Processing 441 of 710: /Volumes/Moon/TCGA_BRCA/data_DNA/RANDS_p_TCGA_b109_SNP_1N_GenomeWideSNP_6_E09_772018.CEL
Processing 442 of 710: /Volumes/Moon/TCGA_BRCA/data_DNA/ETUIS_p_TCGASNP_b80_83_N_GenomeWideSNP_6_G02_734792.CEL
Processing 443 of 710: /Volumes/Moon/TCGA_BRCA/data_DNA/ETUIS_p_TCGASNP_b80_83_N_GenomeWideSNP_6_D09_734674.CEL
Processing 444 of 710: /Volumes/Moon/TCGA_BRCA/data_DNA/BULGY_p_TCGA_bM1_124_SNP_N_GenomeWideSNP_6_A01_780784.CEL
Processing 445 of 710: /Volumes/Moon/TCGA_BRCA/data_DNA/RANDS_p_TCGA_b109_SNP_1N_GenomeWideSNP_6_B04_772006.CEL
Processing 446 of 710: /Volumes/Moon/TCGA_BRCA/data_DNA/RANDS_p_TCGA_b109_SNP_1N_GenomeWideSNP_6_B09_772024.CEL
Processing 447 of 710: /Volumes/Moon/TCGA_BRCA/data_DNA/SHAWM_p_TCGAb72_SNP_N_GenomeWideSNP_6_A08_698026.CEL
Processing 448 of 710: /Volumes/Moon/TCGA_BRCA/data_DNA/SHAWM_p_TCGAb72_SNP_N_GenomeWideSNP_6_H06_697992.CEL
Processing 449 of 710: /Volumes/Moon/TCGA_BRCA/data_DNA/SHAWM_p_TCGAb72_SNP_N_GenomeWideSNP_6_A09_698014.CEL
Processing 450 of 710: /Volumes/Moon/TCGA_BRCA/data_DNA/SHAWM_p_TCGAb72_SNP_N_GenomeWideSNP_6_G07_698040.CEL
Processing 451 of 710: /Volumes/Moon/TCGA_BRCA/data_DNA/SHAWM_p_TCGAb72_SNP_N_GenomeWideSNP_6_H10_698018.CEL
Processing 452 of 710: /Volumes/Moon/TCGA_BRCA/data_DNA/SHAWM_p_TCGAb72_SNP_N_GenomeWideSNP_6_C10_698042.CEL
Processing 453 of 710: /Volumes/Moon/TCGA_BRCA/data_DNA/SHAWM_p_TCGAb72_SNP_N_GenomeWideSNP_6_H11_697976.CEL
Processing 454 of 710: /Volumes/Moon/TCGA_BRCA/data_DNA/URAEI_p_TCGASNP_b85_N_GenomeWideSNP_6_E10_735154.CEL
Processing 455 of 710: /Volumes/Moon/TCGA_BRCA/data_DNA/SHAWM_p_TCGAb72_SNP_N_GenomeWideSNP_6_E09_698078.CEL
Processing 456 of 710: /Volumes/Moon/TCGA_BRCA/data_DNA/SHUCK_p_TCGAb74and75_SNP_N_GenomeWideSNP_6_E01_730938.CEL
Processing 457 of 710: /Volumes/Moon/TCGA_BRCA/data_DNA/SHUCK_p_TCGAb74and75_SNP_N_GenomeWideSNP_6_B08_730942.CEL
Processing 458 of 710: /Volumes/Moon/TCGA_BRCA/data_DNA/HITCH_p_TCGASNP_b93_N_GenomeWideSNP_6_H11_741450.CEL
Processing 459 of 710: /Volumes/Moon/TCGA_BRCA/data_DNA/JOUAL_p_TCGA_b96_SNP_N_GenomeWideSNP_6_H03_747992.CEL
Processing 460 of 710: /Volumes/Moon/TCGA_BRCA/data_DNA/JOUAL_p_TCGA_b96_SNP_N_GenomeWideSNP_6_B07_747866.CEL
Processing 461 of 710: /Volumes/Moon/TCGA_BRCA/data_DNA/JOUAL_p_TCGA_b96_SNP_N_GenomeWideSNP_6_G05_747932.CEL
Processing 462 of 710: /Volumes/Moon/TCGA_BRCA/data_DNA/JOUAL_p_TCGA_b96_SNP_N_GenomeWideSNP_6_G08_747946.CEL
Processing 463 of 710: /Volumes/Moon/TCGA_BRCA/data_DNA/JOUAL_p_TCGA_b96_SNP_N_GenomeWideSNP_6_A07_747984.CEL
Processing 464 of 710: /Volumes/Moon/TCGA_BRCA/data_DNA/JOUAL_p_TCGA_b96_SNP_N_GenomeWideSNP_6_C12_747976.CEL
Processing 465 of 710: /Volumes/Moon/TCGA_BRCA/data_DNA/JOUAL_p_TCGA_b96_SNP_N_GenomeWideSNP_6_F08_747902.CEL
Processing 466 of 710: /Volumes/Moon/TCGA_BRCA/data_DNA/JOUAL_p_TCGA_b96_SNP_N_GenomeWideSNP_6_E03_748026.CEL
Processing 467 of 710: /Volumes/Moon/TCGA_BRCA/data_DNA/JOUAL_p_TCGA_b96_SNP_N_GenomeWideSNP_6_E06_747926.CEL
Processing 468 of 710: /Volumes/Moon/TCGA_BRCA/data_DNA/JOUAL_p_TCGA_b96_SNP_N_GenomeWideSNP_6_G09_747972.CEL
Processing 469 of 710: /Volumes/Moon/TCGA_BRCA/data_DNA/JOUAL_p_TCGA_b96_SNP_N_GenomeWideSNP_6_E11_747882.CEL
Processing 470 of 710: /Volumes/Moon/TCGA_BRCA/data_DNA/EXINE_p_TCGA_b142_SNP_N_GenomeWideSNP_6_G11_802448.CEL
Processing 471 of 710: /Volumes/Moon/TCGA_BRCA/data_DNA/EXINE_p_TCGA_b142_SNP_N_GenomeWideSNP_6_E11_802460.CEL
Processing 472 of 710: /Volumes/Moon/TCGA_BRCA/data_DNA/EXINE_p_TCGA_b142_SNP_N_GenomeWideSNP_6_F02_802452.CEL
Processing 473 of 710: /Volumes/Moon/TCGA_BRCA/data_DNA/COMIC_p_TCGA_b142_SNP_S_GenomeWideSNP_6_H10_804504.CEL
Processing 474 of 710: /Volumes/Moon/TCGA_BRCA/data_DNA/EXINE_p_TCGA_b142_SNP_N_GenomeWideSNP_6_A05_802450.CEL
Processing 475 of 710: /Volumes/Moon/TCGA_BRCA/data_DNA/EXINE_p_TCGA_b142_SNP_N_GenomeWideSNP_6_F11_802366.CEL
Processing 476 of 710: /Volumes/Moon/TCGA_BRCA/data_DNA/EXINE_p_TCGA_b142_SNP_N_GenomeWideSNP_6_G04_802466.CEL
Processing 477 of 710: /Volumes/Moon/TCGA_BRCA/data_DNA/EXINE_p_TCGA_b142_SNP_N_GenomeWideSNP_6_C05_802414.CEL
Processing 478 of 710: /Volumes/Moon/TCGA_BRCA/data_DNA/EXINE_p_TCGA_b142_SNP_N_GenomeWideSNP_6_E07_802474.CEL
Processing 479 of 710: /Volumes/Moon/TCGA_BRCA/data_DNA/COMIC_p_TCGA_b142_SNP_S_GenomeWideSNP_6_H02_804494.CEL
Processing 480 of 710: /Volumes/Moon/TCGA_BRCA/data_DNA/EXINE_p_TCGA_b142_SNP_N_GenomeWideSNP_6_F03_802438.CEL
Processing 481 of 710: /Volumes/Moon/TCGA_BRCA/data_DNA/EXINE_p_TCGA_b142_SNP_N_GenomeWideSNP_6_F08_802486.CEL
Processing 482 of 710: /Volumes/Moon/TCGA_BRCA/data_DNA/EXINE_p_TCGA_b142_SNP_N_GenomeWideSNP_6_F12_802428.CEL
Processing 483 of 710: /Volumes/Moon/TCGA_BRCA/data_DNA/EXINE_p_TCGA_b142_SNP_N_GenomeWideSNP_6_G05_802350.CEL
Processing 484 of 710: /Volumes/Moon/TCGA_BRCA/data_DNA/EXINE_p_TCGA_b142_SNP_N_GenomeWideSNP_6_G08_802344.CEL
Processing 485 of 710: /Volumes/Moon/TCGA_BRCA/data_DNA/EXINE_p_TCGA_b142_SNP_N_GenomeWideSNP_6_C11_802362.CEL
Processing 486 of 710: /Volumes/Moon/TCGA_BRCA/data_DNA/COMIC_p_TCGA_b142_SNP_S_GenomeWideSNP_6_H03_804438.CEL
Processing 487 of 710: /Volumes/Moon/TCGA_BRCA/data_DNA/COMIC_p_TCGA_b142_SNP_S_GenomeWideSNP_6_H07_804600.CEL
Processing 488 of 710: /Volumes/Moon/TCGA_BRCA/data_DNA/COMIC_p_TCGA_b142_SNP_S_GenomeWideSNP_6_H11_804422.CEL
Processing 489 of 710: /Volumes/Moon/TCGA_BRCA/data_DNA/EXINE_p_TCGA_b142_SNP_N_GenomeWideSNP_6_F09_802336.CEL
Processing 490 of 710: /Volumes/Moon/TCGA_BRCA/data_DNA/COZEN_p_TCGAb56_SNP_2N_GenomeWideSNP_6_B11_667216.CEL
Processing 491 of 710: /Volumes/Moon/TCGA_BRCA/data_DNA/COZEN_p_TCGAb56_SNP_2N_GenomeWideSNP_6_E06_667172.CEL
Processing 492 of 710: /Volumes/Moon/TCGA_BRCA/data_DNA/COZEN_p_TCGAb56_SNP_2N_GenomeWideSNP_6_F03_667180.CEL
Processing 493 of 710: /Volumes/Moon/TCGA_BRCA/data_DNA/COZEN_p_TCGAb56_SNP_2N_GenomeWideSNP_6_B03_667206.CEL
Processing 494 of 710: /Volumes/Moon/TCGA_BRCA/data_DNA/COZEN_p_TCGAb56_SNP_2N_GenomeWideSNP_6_H01_667146.CEL
Processing 495 of 710: /Volumes/Moon/TCGA_BRCA/data_DNA/URAEI_p_TCGASNP_b85_N_GenomeWideSNP_6_C07_735174.CEL
Processing 496 of 710: /Volumes/Moon/TCGA_BRCA/data_DNA/COZEN_p_TCGAb56_SNP_2N_GenomeWideSNP_6_B12_667076.CEL
Processing 497 of 710: /Volumes/Moon/TCGA_BRCA/data_DNA/COZEN_p_TCGAb56_SNP_2N_GenomeWideSNP_6_B10_667080.CEL
Processing 498 of 710: /Volumes/Moon/TCGA_BRCA/data_DNA/COZEN_p_TCGAb56_SNP_2N_GenomeWideSNP_6_A09_667164.CEL
Processing 499 of 710: /Volumes/Moon/TCGA_BRCA/data_DNA/COZEN_p_TCGAb56_SNP_2N_GenomeWideSNP_6_G12_667168.CEL
Processing 500 of 710: /Volumes/Moon/TCGA_BRCA/data_DNA/COZEN_p_TCGAb56_SNP_2N_GenomeWideSNP_6_E09_667064.CEL
Processing 501 of 710: /Volumes/Moon/TCGA_BRCA/data_DNA/URAEI_p_TCGASNP_b85_N_GenomeWideSNP_6_F01_735050.CEL
Processing 502 of 710: /Volumes/Moon/TCGA_BRCA/data_DNA/BITES_p_TCGAb61_SNP_S_GenomeWideSNP_6_E11_697066.CEL
Processing 503 of 710: /Volumes/Moon/TCGA_BRCA/data_DNA/SHAWM_p_TCGAb72_SNP_N_GenomeWideSNP_6_F06_697984.CEL
Processing 504 of 710: /Volumes/Moon/TCGA_BRCA/data_DNA/SHAWM_p_TCGAb72_SNP_N_GenomeWideSNP_6_H02_698142.CEL
Processing 505 of 710: /Volumes/Moon/TCGA_BRCA/data_DNA/SHAWM_p_TCGAb72_SNP_N_GenomeWideSNP_6_E03_697998.CEL
Processing 506 of 710: /Volumes/Moon/TCGA_BRCA/data_DNA/SHAWM_p_TCGAb72_SNP_N_GenomeWideSNP_6_E06_698046.CEL
Processing 507 of 710: /Volumes/Moon/TCGA_BRCA/data_DNA/URAEI_p_TCGASNP_b85_N_GenomeWideSNP_6_B04_735182.CEL
Processing 508 of 710: /Volumes/Moon/TCGA_BRCA/data_DNA/SHAWM_p_TCGAb72_SNP_N_GenomeWideSNP_6_H03_698052.CEL
Processing 509 of 710: /Volumes/Moon/TCGA_BRCA/data_DNA/URAEI_p_TCGASNP_b85_N_GenomeWideSNP_6_F02_735008.CEL
Processing 510 of 710: /Volumes/Moon/TCGA_BRCA/data_DNA/SHUCK_p_TCGAb74and75_SNP_N_GenomeWideSNP_6_A02_730992.CEL
Processing 511 of 710: /Volumes/Moon/TCGA_BRCA/data_DNA/SHUCK_p_TCGAb74and75_SNP_N_GenomeWideSNP_6_F11_731088.CEL
Processing 512 of 710: /Volumes/Moon/TCGA_BRCA/data_DNA/SHUCK_p_TCGAb74and75_SNP_N_GenomeWideSNP_6_B09_730960.CEL
Processing 513 of 710: /Volumes/Moon/TCGA_BRCA/data_DNA/SHUCK_p_TCGAb74and75_SNP_N_GenomeWideSNP_6_C03_731064.CEL
Processing 514 of 710: /Volumes/Moon/TCGA_BRCA/data_DNA/SHUCK_p_TCGAb74and75_SNP_N_GenomeWideSNP_6_H03_731054.CEL
Processing 515 of 710: /Volumes/Moon/TCGA_BRCA/data_DNA/URAEI_p_TCGASNP_b85_N_GenomeWideSNP_6_C10_735088.CEL
Processing 516 of 710: /Volumes/Moon/TCGA_BRCA/data_DNA/SHUCK_p_TCGAb74and75_SNP_N_GenomeWideSNP_6_B04_731082.CEL
Processing 517 of 710: /Volumes/Moon/TCGA_BRCA/data_DNA/SHUCK_p_TCGAb74and75_SNP_N_GenomeWideSNP_6_A03_730934.CEL
Processing 518 of 710: /Volumes/Moon/TCGA_BRCA/data_DNA/ETUIS_p_TCGASNP_b80_83_N_GenomeWideSNP_6_G11_734692.CEL
Processing 519 of 710: /Volumes/Moon/TCGA_BRCA/data_DNA/RANDS_p_TCGA_b109_SNP_1N_GenomeWideSNP_6_F11_771936.CEL
Processing 520 of 710: /Volumes/Moon/TCGA_BRCA/data_DNA/BITES_p_TCGAb61_SNP_S_GenomeWideSNP_6_B09_697178.CEL
Processing 521 of 710: /Volumes/Moon/TCGA_BRCA/data_DNA/URAEI_p_TCGASNP_b85_N_GenomeWideSNP_6_E11_735030.CEL
Processing 522 of 710: /Volumes/Moon/TCGA_BRCA/data_DNA/BITES_p_TCGAb61_SNP_S_GenomeWideSNP_6_E05_697076.CEL
Processing 523 of 710: /Volumes/Moon/TCGA_BRCA/data_DNA/COZEN_p_TCGAb56_SNP_2N_GenomeWideSNP_6_D05_667104.CEL
Processing 524 of 710: /Volumes/Moon/TCGA_BRCA/data_DNA/JOUAL_p_TCGA_b96_SNP_N_GenomeWideSNP_6_B08_747996.CEL
Processing 525 of 710: /Volumes/Moon/TCGA_BRCA/data_DNA/HITCH_p_TCGASNP_b93_N_GenomeWideSNP_6_B05_741438.CEL
Processing 526 of 710: /Volumes/Moon/TCGA_BRCA/data_DNA/URAEI_p_TCGASNP_b85_N_GenomeWideSNP_6_G12_735092.CEL
Processing 527 of 710: /Volumes/Moon/TCGA_BRCA/data_DNA/URAEI_p_TCGASNP_b85_N_GenomeWideSNP_6_H03_735152.CEL
Processing 528 of 710: /Volumes/Moon/TCGA_BRCA/data_DNA/HITCH_p_TCGASNP_b93_N_GenomeWideSNP_6_A06_741506.CEL
Processing 529 of 710: /Volumes/Moon/TCGA_BRCA/data_DNA/URAEI_p_TCGASNP_b85_N_GenomeWideSNP_6_A03_735080.CEL
Processing 530 of 710: /Volumes/Moon/TCGA_BRCA/data_DNA/URAEI_p_TCGASNP_b85_N_GenomeWideSNP_6_A12_735146.CEL
Processing 531 of 710: /Volumes/Moon/TCGA_BRCA/data_DNA/JOUAL_p_TCGA_b96_SNP_N_GenomeWideSNP_6_D10_747876.CEL
Processing 532 of 710: /Volumes/Moon/TCGA_BRCA/data_DNA/BITES_p_TCGAb61_SNP_S_GenomeWideSNP_6_F04_697202.CEL
Processing 533 of 710: /Volumes/Moon/TCGA_BRCA/data_DNA/URAEI_p_TCGASNP_b85_N_GenomeWideSNP_6_E12_735044.CEL
Processing 534 of 710: /Volumes/Moon/TCGA_BRCA/data_DNA/HAULS_p_TCGAb47_SNP_2N_GenomeWideSNP_6_A12_628410.CEL
Processing 535 of 710: /Volumes/Moon/TCGA_BRCA/data_DNA/BITES_p_TCGAb61_SNP_S_GenomeWideSNP_6_H12_697028.CEL
Processing 536 of 710: /Volumes/Moon/TCGA_BRCA/data_DNA/COZEN_p_TCGAb56_SNP_2N_GenomeWideSNP_6_C04_667096.CEL
Processing 537 of 710: /Volumes/Moon/TCGA_BRCA/data_DNA/URAEI_p_TCGASNP_b85_N_GenomeWideSNP_6_C09_735074.CEL
Processing 538 of 710: /Volumes/Moon/TCGA_BRCA/data_DNA/URAEI_p_TCGASNP_b85_N_GenomeWideSNP_6_B12_735108.CEL
Processing 539 of 710: /Volumes/Moon/TCGA_BRCA/data_DNA/COZEN_p_TCGAb56_SNP_2N_GenomeWideSNP_6_D04_667158.CEL
Processing 540 of 710: /Volumes/Moon/TCGA_BRCA/data_DNA/URAEI_p_TCGASNP_b85_N_GenomeWideSNP_6_E06_735110.CEL
Processing 541 of 710: /Volumes/Moon/TCGA_BRCA/data_DNA/BITES_p_TCGAb61_SNP_S_GenomeWideSNP_6_A08_697164.CEL
Processing 542 of 710: /Volumes/Moon/TCGA_BRCA/data_DNA/BITES_p_TCGAb61_SNP_S_GenomeWideSNP_6_G08_697172.CEL
Processing 543 of 710: /Volumes/Moon/TCGA_BRCA/data_DNA/BITES_p_TCGAb61_SNP_S_GenomeWideSNP_6_B02_697064.CEL
Processing 544 of 710: /Volumes/Moon/TCGA_BRCA/data_DNA/JOUAL_p_TCGA_b96_SNP_N_GenomeWideSNP_6_A02_747974.CEL
Processing 545 of 710: /Volumes/Moon/TCGA_BRCA/data_DNA/BITES_p_TCGAb61_SNP_S_GenomeWideSNP_6_F05_697134.CEL
Processing 546 of 710: /Volumes/Moon/TCGA_BRCA/data_DNA/BITES_p_TCGAb61_SNP_S_GenomeWideSNP_6_D09_697184.CEL
Processing 547 of 710: /Volumes/Moon/TCGA_BRCA/data_DNA/BITES_p_TCGAb61_SNP_S_GenomeWideSNP_6_F12_697082.CEL
Processing 548 of 710: /Volumes/Moon/TCGA_BRCA/data_DNA/SHAWM_p_TCGAb72_SNP_N_GenomeWideSNP_6_G01_698054.CEL
Processing 549 of 710: /Volumes/Moon/TCGA_BRCA/data_DNA/COZEN_p_TCGAb56_SNP_2N_GenomeWideSNP_6_B08_667084.CEL
Processing 550 of 710: /Volumes/Moon/TCGA_BRCA/data_DNA/SHAWM_p_TCGAb72_SNP_N_GenomeWideSNP_6_B02_698080.CEL
Processing 551 of 710: /Volumes/Moon/TCGA_BRCA/data_DNA/COZEN_p_TCGAb56_SNP_2N_GenomeWideSNP_6_B06_667224.CEL
Processing 552 of 710: /Volumes/Moon/TCGA_BRCA/data_DNA/COZEN_p_TCGAb56_SNP_2N_GenomeWideSNP_6_F02_667228.CEL
Processing 553 of 710: /Volumes/Moon/TCGA_BRCA/data_DNA/COZEN_p_TCGAb56_SNP_2N_GenomeWideSNP_6_D02_667144.CEL
Processing 554 of 710: /Volumes/Moon/TCGA_BRCA/data_DNA/BITES_p_TCGAb61_SNP_S_GenomeWideSNP_6_A10_697110.CEL
Processing 555 of 710: /Volumes/Moon/TCGA_BRCA/data_DNA/BITES_p_TCGAb61_SNP_S_GenomeWideSNP_6_A02_697180.CEL
Processing 556 of 710: /Volumes/Moon/TCGA_BRCA/data_DNA/SHUCK_p_TCGAb74and75_SNP_N_GenomeWideSNP_6_H08_730914.CEL
Processing 557 of 710: /Volumes/Moon/TCGA_BRCA/data_DNA/SHUCK_p_TCGAb74and75_SNP_N_GenomeWideSNP_6_C04_731012.CEL
Processing 558 of 710: /Volumes/Moon/TCGA_BRCA/data_DNA/SHUCK_p_TCGAb74and75_SNP_N_GenomeWideSNP_6_F04_731046.CEL
Processing 559 of 710: /Volumes/Moon/TCGA_BRCA/data_DNA/GHOUL_p_TCGASNP_b85and51R_N_GenomeWideSNP_6_A07_735286.CEL
Processing 560 of 710: /Volumes/Moon/TCGA_BRCA/data_DNA/HITCH_p_TCGASNP_b93_N_GenomeWideSNP_6_E11_741424.CEL
Processing 561 of 710: /Volumes/Moon/TCGA_BRCA/data_DNA/HITCH_p_TCGASNP_b93_N_GenomeWideSNP_6_F09_741494.CEL
Processing 562 of 710: /Volumes/Moon/TCGA_BRCA/data_DNA/HITCH_p_TCGASNP_b93_N_GenomeWideSNP_6_G02_741418.CEL
Processing 563 of 710: /Volumes/Moon/TCGA_BRCA/data_DNA/RANDS_p_TCGA_b109_SNP_1N_GenomeWideSNP_6_G01_771864.CEL
Processing 564 of 710: /Volumes/Moon/TCGA_BRCA/data_DNA/RANDS_p_TCGA_b109_SNP_1N_GenomeWideSNP_6_F09_771858.CEL
Processing 565 of 710: /Volumes/Moon/TCGA_BRCA/data_DNA/RANDS_p_TCGA_b109_SNP_1N_GenomeWideSNP_6_C12_771918.CEL
Processing 566 of 710: /Volumes/Moon/TCGA_BRCA/data_DNA/RANDS_p_TCGA_b109_SNP_1N_GenomeWideSNP_6_B02_771980.CEL
Processing 567 of 710: /Volumes/Moon/TCGA_BRCA/data_DNA/BULGY_p_TCGA_bM1_124_SNP_N_GenomeWideSNP_6_A07_780914.CEL
Processing 568 of 710: /Volumes/Moon/TCGA_BRCA/data_DNA/BULGY_p_TCGA_bM1_124_SNP_N_GenomeWideSNP_6_C09_780832.CEL
Processing 569 of 710: /Volumes/Moon/TCGA_BRCA/data_DNA/WRIED_p_TCGA_143_147_150_Hahn_N_GenomeWideSNP_6_C01_799988.CEL
Processing 570 of 710: /Volumes/Moon/TCGA_BRCA/data_DNA/GHOUL_p_TCGASNP_b85and51R_N_GenomeWideSNP_6_C07_735360.CEL
Processing 571 of 710: /Volumes/Moon/TCGA_BRCA/data_DNA/GHOUL_p_TCGASNP_b85and51R_N_GenomeWideSNP_6_E09_735356.CEL
Processing 572 of 710: /Volumes/Moon/TCGA_BRCA/data_DNA/GHOUL_p_TCGASNP_b85and51R_N_GenomeWideSNP_6_F04_735226.CEL
Processing 573 of 710: /Volumes/Moon/TCGA_BRCA/data_DNA/GHOUL_p_TCGASNP_b85and51R_N_GenomeWideSNP_6_F07_735358.CEL
Processing 574 of 710: /Volumes/Moon/TCGA_BRCA/data_DNA/GHOUL_p_TCGASNP_b85and51R_N_GenomeWideSNP_6_E10_735212.CEL
Processing 575 of 710: /Volumes/Moon/TCGA_BRCA/data_DNA/HITCH_p_TCGASNP_b93_N_GenomeWideSNP_6_E09_741480.CEL
Processing 576 of 710: /Volumes/Moon/TCGA_BRCA/data_DNA/BEAUX_p_TCGA_b109_SNP_2N_GenomeWideSNP_6_C06_772066.CEL
Processing 577 of 710: /Volumes/Moon/TCGA_BRCA/data_DNA/GAMMA_p_TCGA_b103_104_SNP_N_GenomeWideSNP_6_D11_755854.CEL
Processing 578 of 710: /Volumes/Moon/TCGA_BRCA/data_DNA/GAMMA_p_TCGA_b103_104_SNP_N_GenomeWideSNP_6_D05_755778.CEL
Processing 579 of 710: /Volumes/Moon/TCGA_BRCA/data_DNA/GAMMA_p_TCGA_b103_104_SNP_N_GenomeWideSNP_6_G06_755774.CEL
Processing 580 of 710: /Volumes/Moon/TCGA_BRCA/data_DNA/GAMMA_p_TCGA_b103_104_SNP_N_GenomeWideSNP_6_D09_755908.CEL
Processing 581 of 710: /Volumes/Moon/TCGA_BRCA/data_DNA/GAMMA_p_TCGA_b103_104_SNP_N_GenomeWideSNP_6_D08_755838.CEL
Processing 582 of 710: /Volumes/Moon/TCGA_BRCA/data_DNA/BEAUX_p_TCGA_b109_SNP_2N_GenomeWideSNP_6_A12_772184.CEL
Processing 583 of 710: /Volumes/Moon/TCGA_BRCA/data_DNA/WRIED_p_TCGA_143_147_150_Hahn_N_GenomeWideSNP_6_G05_799854.CEL
Processing 584 of 710: /Volumes/Moon/TCGA_BRCA/data_DNA/WRIED_p_TCGA_143_147_150_Hahn_N_GenomeWideSNP_6_C06_800002.CEL
Processing 585 of 710: /Volumes/Moon/TCGA_BRCA/data_DNA/WRIED_p_TCGA_143_147_150_Hahn_N_GenomeWideSNP_6_D07_799848.CEL
Processing 586 of 710: /Volumes/Moon/TCGA_BRCA/data_DNA/WRIED_p_TCGA_143_147_150_Hahn_N_GenomeWideSNP_6_D10_799948.CEL
Processing 587 of 710: /Volumes/Moon/TCGA_BRCA/data_DNA/WRIED_p_TCGA_143_147_150_Hahn_N_GenomeWideSNP_6_D12_799862.CEL
Processing 588 of 710: /Volumes/Moon/TCGA_BRCA/data_DNA/EXINE_p_TCGA_b142_SNP_N_GenomeWideSNP_6_G12_802480.CEL
Processing 589 of 710: /Volumes/Moon/TCGA_BRCA/data_DNA/GHOUL_p_TCGASNP_b85and51R_N_GenomeWideSNP_6_F08_735210.CEL
Processing 590 of 710: /Volumes/Moon/TCGA_BRCA/data_DNA/GHOUL_p_TCGASNP_b85and51R_N_GenomeWideSNP_6_H08_735314.CEL
Processing 591 of 710: /Volumes/Moon/TCGA_BRCA/data_DNA/BEAUX_p_TCGA_b109_SNP_2N_GenomeWideSNP_6_E10_772162.CEL
Processing 592 of 710: /Volumes/Moon/TCGA_BRCA/data_DNA/BEAUX_p_TCGA_b109_SNP_2N_GenomeWideSNP_6_C05_772090.CEL
Processing 593 of 710: /Volumes/Moon/TCGA_BRCA/data_DNA/BEAUX_p_TCGA_b109_SNP_2N_GenomeWideSNP_6_C04_772182.CEL
Processing 594 of 710: /Volumes/Moon/TCGA_BRCA/data_DNA/BEAUX_p_TCGA_b109_SNP_2N_GenomeWideSNP_6_G02_772084.CEL
Processing 595 of 710: /Volumes/Moon/TCGA_BRCA/data_DNA/BEAUX_p_TCGA_b109_SNP_2N_GenomeWideSNP_6_G03_772092.CEL
Processing 596 of 710: /Volumes/Moon/TCGA_BRCA/data_DNA/BEAUX_p_TCGA_b109_SNP_2N_GenomeWideSNP_6_A08_772172.CEL
Processing 597 of 710: /Volumes/Moon/TCGA_BRCA/data_DNA/BEAUX_p_TCGA_b109_SNP_2N_GenomeWideSNP_6_F06_772080.CEL
Processing 598 of 710: /Volumes/Moon/TCGA_BRCA/data_DNA/BULGY_p_TCGA_bM1_124_SNP_N_GenomeWideSNP_6_A12_780878.CEL
Processing 599 of 710: /Volumes/Moon/TCGA_BRCA/data_DNA/BEAUX_p_TCGA_b109_SNP_2N_GenomeWideSNP_6_B02_772110.CEL
Processing 600 of 710: /Volumes/Moon/TCGA_BRCA/data_DNA/BEAUX_p_TCGA_b109_SNP_2N_GenomeWideSNP_6_C07_772220.CEL
Processing 601 of 710: /Volumes/Moon/TCGA_BRCA/data_DNA/BEAUX_p_TCGA_b109_SNP_2N_GenomeWideSNP_6_F04_772074.CEL
Processing 602 of 710: /Volumes/Moon/TCGA_BRCA/data_DNA/BEAUX_p_TCGA_b109_SNP_2N_GenomeWideSNP_6_D03_772054.CEL
Processing 603 of 710: /Volumes/Moon/TCGA_BRCA/data_DNA/BEAUX_p_TCGA_b109_SNP_2N_GenomeWideSNP_6_C10_772106.CEL
Processing 604 of 710: /Volumes/Moon/TCGA_BRCA/data_DNA/BEAUX_p_TCGA_b109_SNP_2N_GenomeWideSNP_6_A10_772192.CEL
Processing 605 of 710: /Volumes/Moon/TCGA_BRCA/data_DNA/CHEEP_p_TCGA_b120_121_SNP_N_GenomeWideSNP_6_A09_777722.CEL
Processing 606 of 710: /Volumes/Moon/TCGA_BRCA/data_DNA/BULGY_p_TCGA_bM1_124_SNP_N_GenomeWideSNP_6_C12_780812.CEL
Processing 607 of 710: /Volumes/Moon/TCGA_BRCA/data_DNA/BULGY_p_TCGA_bM1_124_SNP_N_GenomeWideSNP_6_F03_780794.CEL
Processing 608 of 710: /Volumes/Moon/TCGA_BRCA/data_DNA/BULGY_p_TCGA_bM1_124_SNP_N_GenomeWideSNP_6_D04_780848.CEL
Processing 609 of 710: /Volumes/Moon/TCGA_BRCA/data_DNA/USAGE_p_TCGA_132_133_136_SNP_N_GenomeWideSNP_6_G01_787490.CEL
Processing 610 of 710: /Volumes/Moon/TCGA_BRCA/data_DNA/CHEEP_p_TCGA_b120_121_SNP_N_GenomeWideSNP_6_E09_777698.CEL
Processing 611 of 710: /Volumes/Moon/TCGA_BRCA/data_DNA/CHEEP_p_TCGA_b120_121_SNP_N_GenomeWideSNP_6_A12_777694.CEL
Processing 612 of 710: /Volumes/Moon/TCGA_BRCA/data_DNA/CHEEP_p_TCGA_b120_121_SNP_N_GenomeWideSNP_6_C11_777752.CEL
Processing 613 of 710: /Volumes/Moon/TCGA_BRCA/data_DNA/CHEEP_p_TCGA_b120_121_SNP_N_GenomeWideSNP_6_F01_777672.CEL
Processing 614 of 710: /Volumes/Moon/TCGA_BRCA/data_DNA/CHEEP_p_TCGA_b120_121_SNP_N_GenomeWideSNP_6_A04_777608.CEL
Processing 615 of 710: /Volumes/Moon/TCGA_BRCA/data_DNA/BULGY_p_TCGA_bM1_124_SNP_N_GenomeWideSNP_6_C03_780880.CEL
Processing 616 of 710: /Volumes/Moon/TCGA_BRCA/data_DNA/BULGY_p_TCGA_bM1_124_SNP_N_GenomeWideSNP_6_C07_780950.CEL
Processing 617 of 710: /Volumes/Moon/TCGA_BRCA/data_DNA/BULGY_p_TCGA_bM1_124_SNP_N_GenomeWideSNP_6_F11_780886.CEL
Processing 618 of 710: /Volumes/Moon/TCGA_BRCA/data_DNA/BULGY_p_TCGA_bM1_124_SNP_N_GenomeWideSNP_6_E08_780828.CEL
Processing 619 of 710: /Volumes/Moon/TCGA_BRCA/data_DNA/BULGY_p_TCGA_bM1_124_SNP_N_GenomeWideSNP_6_D01_780870.CEL
Processing 620 of 710: /Volumes/Moon/TCGA_BRCA/data_DNA/BULGY_p_TCGA_bM1_124_SNP_N_GenomeWideSNP_6_D05_780920.CEL
Processing 621 of 710: /Volumes/Moon/TCGA_BRCA/data_DNA/BULGY_p_TCGA_bM1_124_SNP_N_GenomeWideSNP_6_A05_780896.CEL
Processing 622 of 710: /Volumes/Moon/TCGA_BRCA/data_DNA/BULGY_p_TCGA_bM1_124_SNP_N_GenomeWideSNP_6_A08_780904.CEL
Processing 623 of 710: /Volumes/Moon/TCGA_BRCA/data_DNA/BULGY_p_TCGA_bM1_124_SNP_N_GenomeWideSNP_6_B01_780942.CEL
Processing 624 of 710: /Volumes/Moon/TCGA_BRCA/data_DNA/BULGY_p_TCGA_bM1_124_SNP_N_GenomeWideSNP_6_G03_780838.CEL
Processing 625 of 710: /Volumes/Moon/TCGA_BRCA/data_DNA/BULGY_p_TCGA_bM1_124_SNP_N_GenomeWideSNP_6_F04_780866.CEL
Processing 626 of 710: /Volumes/Moon/TCGA_BRCA/data_DNA/BULGY_p_TCGA_bM1_124_SNP_N_GenomeWideSNP_6_D06_780834.CEL
Processing 627 of 710: /Volumes/Moon/TCGA_BRCA/data_DNA/USAGE_p_TCGA_132_133_136_SNP_N_GenomeWideSNP_6_B03_787522.CEL
Processing 628 of 710: /Volumes/Moon/TCGA_BRCA/data_DNA/USAGE_p_TCGA_132_133_136_SNP_N_GenomeWideSNP_6_D08_787536.CEL
Processing 629 of 710: /Volumes/Moon/TCGA_BRCA/data_DNA/WRIED_p_TCGA_143_147_150_Hahn_N_GenomeWideSNP_6_E05_799890.CEL
Processing 630 of 710: /Volumes/Moon/TCGA_BRCA/data_DNA/WRIED_p_TCGA_143_147_150_Hahn_N_GenomeWideSNP_6_G06_799828.CEL
Processing 631 of 710: /Volumes/Moon/TCGA_BRCA/data_DNA/WRIED_p_TCGA_143_147_150_Hahn_N_GenomeWideSNP_6_B07_799936.CEL
Processing 632 of 710: /Volumes/Moon/TCGA_BRCA/data_DNA/WRIED_p_TCGA_143_147_150_Hahn_N_GenomeWideSNP_6_B09_799914.CEL
Processing 633 of 710: /Volumes/Moon/TCGA_BRCA/data_DNA/WRIED_p_TCGA_143_147_150_Hahn_N_GenomeWideSNP_6_G04_799910.CEL
Processing 634 of 710: /Volumes/Moon/TCGA_BRCA/data_DNA/WRIED_p_TCGA_143_147_150_Hahn_N_GenomeWideSNP_6_E06_799904.CEL
Processing 635 of 710: /Volumes/Moon/TCGA_BRCA/data_DNA/WRIED_p_TCGA_143_147_150_Hahn_N_GenomeWideSNP_6_E07_799922.CEL
Processing 636 of 710: /Volumes/Moon/TCGA_BRCA/data_DNA/WRIED_p_TCGA_143_147_150_Hahn_N_GenomeWideSNP_6_B02_799972.CEL
Processing 637 of 710: /Volumes/Moon/TCGA_BRCA/data_DNA/WRIED_p_TCGA_143_147_150_Hahn_N_GenomeWideSNP_6_D11_799818.CEL
Processing 638 of 710: /Volumes/Moon/TCGA_BRCA/data_DNA/ETUIS_p_TCGASNP_b80_83_N_GenomeWideSNP_6_B01_734796.CEL
Processing 639 of 710: /Volumes/Moon/TCGA_BRCA/data_DNA/ETUIS_p_TCGASNP_b80_83_N_GenomeWideSNP_6_G05_734630.CEL
Processing 640 of 710: /Volumes/Moon/TCGA_BRCA/data_DNA/ETUIS_p_TCGASNP_b80_83_N_GenomeWideSNP_6_B02_734656.CEL
Processing 641 of 710: /Volumes/Moon/TCGA_BRCA/data_DNA/GHOUL_p_TCGASNP_b85and51R_N_GenomeWideSNP_6_E08_735372.CEL
Processing 642 of 710: /Volumes/Moon/TCGA_BRCA/data_DNA/ETUIS_p_TCGASNP_b80_83_N_GenomeWideSNP_6_F04_734764.CEL
Processing 643 of 710: /Volumes/Moon/TCGA_BRCA/data_DNA/ETUIS_p_TCGASNP_b80_83_N_GenomeWideSNP_6_H02_734732.CEL
Processing 644 of 710: /Volumes/Moon/TCGA_BRCA/data_DNA/ETUIS_p_TCGASNP_b80_83_N_GenomeWideSNP_6_H06_734808.CEL
Processing 645 of 710: /Volumes/Moon/TCGA_BRCA/data_DNA/ETUIS_p_TCGASNP_b80_83_N_GenomeWideSNP_6_E07_734760.CEL
Processing 646 of 710: /Volumes/Moon/TCGA_BRCA/data_DNA/HITCH_p_TCGASNP_b93_N_GenomeWideSNP_6_F04_741576.CEL
Processing 647 of 710: /Volumes/Moon/TCGA_BRCA/data_DNA/HITCH_p_TCGASNP_b93_N_GenomeWideSNP_6_H09_741396.CEL
Processing 648 of 710: /Volumes/Moon/TCGA_BRCA/data_DNA/HITCH_p_TCGASNP_b93_N_GenomeWideSNP_6_G04_741546.CEL
Processing 649 of 710: /Volumes/Moon/TCGA_BRCA/data_DNA/HITCH_p_TCGASNP_b93_N_GenomeWideSNP_6_D10_741440.CEL
Processing 650 of 710: /Volumes/Moon/TCGA_BRCA/data_DNA/HITCH_p_TCGASNP_b93_N_GenomeWideSNP_6_G11_741466.CEL
Processing 651 of 710: /Volumes/Moon/TCGA_BRCA/data_DNA/GHOUL_p_TCGASNP_b85and51R_N_GenomeWideSNP_6_F06_735254.CEL
Processing 652 of 710: /Volumes/Moon/TCGA_BRCA/data_DNA/HITCH_p_TCGASNP_b93_N_GenomeWideSNP_6_A09_741454.CEL
Processing 653 of 710: /Volumes/Moon/TCGA_BRCA/data_DNA/GHOUL_p_TCGASNP_b85and51R_N_GenomeWideSNP_6_C09_735306.CEL
Processing 654 of 710: /Volumes/Moon/TCGA_BRCA/data_DNA/HITCH_p_TCGASNP_b93_N_GenomeWideSNP_6_C11_741500.CEL
Processing 655 of 710: /Volumes/Moon/TCGA_BRCA/data_DNA/HITCH_p_TCGASNP_b93_N_GenomeWideSNP_6_F10_741478.CEL
Processing 656 of 710: /Volumes/Moon/TCGA_BRCA/data_DNA/HITCH_p_TCGASNP_b93_N_GenomeWideSNP_6_F11_741412.CEL
Processing 657 of 710: /Volumes/Moon/TCGA_BRCA/data_DNA/HITCH_p_TCGASNP_b93_N_GenomeWideSNP_6_B07_741484.CEL
Processing 658 of 710: /Volumes/Moon/TCGA_BRCA/data_DNA/HITCH_p_TCGASNP_b93_N_GenomeWideSNP_6_E05_741408.CEL
Processing 659 of 710: /Volumes/Moon/TCGA_BRCA/data_DNA/HITCH_p_TCGASNP_b93_N_GenomeWideSNP_6_C01_741518.CEL
Processing 660 of 710: /Volumes/Moon/TCGA_BRCA/data_DNA/HITCH_p_TCGASNP_b93_N_GenomeWideSNP_6_C06_741526.CEL
Processing 661 of 710: /Volumes/Moon/TCGA_BRCA/data_DNA/JOUAL_p_TCGA_b96_SNP_N_GenomeWideSNP_6_C07_747898.CEL
Processing 662 of 710: /Volumes/Moon/TCGA_BRCA/data_DNA/JOUAL_p_TCGA_b96_SNP_N_GenomeWideSNP_6_A04_747948.CEL
Processing 663 of 710: /Volumes/Moon/TCGA_BRCA/data_DNA/HITCH_p_TCGASNP_b93_N_GenomeWideSNP_6_F05_741516.CEL
Processing 664 of 710: /Volumes/Moon/TCGA_BRCA/data_DNA/GHOUL_p_TCGASNP_b85and51R_N_GenomeWideSNP_6_G09_735298.CEL
Processing 665 of 710: /Volumes/Moon/TCGA_BRCA/data_DNA/GHOUL_p_TCGASNP_b85and51R_N_GenomeWideSNP_6_A10_735374.CEL
Processing 666 of 710: /Volumes/Moon/TCGA_BRCA/data_DNA/JOUAL_p_TCGA_b96_SNP_N_GenomeWideSNP_6_G02_748006.CEL
Processing 667 of 710: /Volumes/Moon/TCGA_BRCA/data_DNA/JOUAL_p_TCGA_b96_SNP_N_GenomeWideSNP_6_H05_748022.CEL
Processing 668 of 710: /Volumes/Moon/TCGA_BRCA/data_DNA/JOUAL_p_TCGA_b96_SNP_N_GenomeWideSNP_6_G06_748042.CEL
Processing 669 of 710: /Volumes/Moon/TCGA_BRCA/data_DNA/BEAUX_p_TCGA_b109_SNP_2N_GenomeWideSNP_6_A07_772118.CEL
Processing 670 of 710: /Volumes/Moon/TCGA_BRCA/data_DNA/GOOFS_p_TCGA_b117_118_SNP_N_GenomeWideSNP_6_F06_778088.CEL
Processing 671 of 710: /Volumes/Moon/TCGA_BRCA/data_DNA/BEAUX_p_TCGA_b109_SNP_2N_GenomeWideSNP_6_E09_772126.CEL
Processing 672 of 710: /Volumes/Moon/TCGA_BRCA/data_DNA/GOOFS_p_TCGA_b117_118_SNP_N_GenomeWideSNP_6_E10_778120.CEL
Processing 673 of 710: /Volumes/Moon/TCGA_BRCA/data_DNA/GOOFS_p_TCGA_b117_118_SNP_N_GenomeWideSNP_6_G04_778036.CEL
Processing 674 of 710: /Volumes/Moon/TCGA_BRCA/data_DNA/CHEEP_p_TCGA_b120_121_SNP_N_GenomeWideSNP_6_E05_777624.CEL
Processing 675 of 710: /Volumes/Moon/TCGA_BRCA/data_DNA/BEAUX_p_TCGA_b109_SNP_2N_GenomeWideSNP_6_E12_772100.CEL
Processing 676 of 710: /Volumes/Moon/TCGA_BRCA/data_DNA/GOOFS_p_TCGA_b117_118_SNP_N_GenomeWideSNP_6_C11_777986.CEL
Processing 677 of 710: /Volumes/Moon/TCGA_BRCA/data_DNA/CHEEP_p_TCGA_b120_121_SNP_N_GenomeWideSNP_6_A08_777632.CEL
Processing 678 of 710: /Volumes/Moon/TCGA_BRCA/data_DNA/BEAUX_p_TCGA_b109_SNP_2N_GenomeWideSNP_6_E11_772108.CEL
Processing 679 of 710: /Volumes/Moon/TCGA_BRCA/data_DNA/BEAUX_p_TCGA_b109_SNP_2N_GenomeWideSNP_6_C09_772148.CEL
Processing 680 of 710: /Volumes/Moon/TCGA_BRCA/data_DNA/BEAUX_p_TCGA_b109_SNP_2N_GenomeWideSNP_6_D02_772166.CEL
Processing 681 of 710: /Volumes/Moon/TCGA_BRCA/data_DNA/GOOFS_p_TCGA_b117_118_SNP_N_GenomeWideSNP_6_B05_778084.CEL
Processing 682 of 710: /Volumes/Moon/TCGA_BRCA/data_DNA/BULGY_p_TCGA_bM1_124_SNP_N_GenomeWideSNP_6_E04_780788.CEL
Processing 683 of 710: /Volumes/Moon/TCGA_BRCA/data_DNA/CHEEP_p_TCGA_b120_121_SNP_N_GenomeWideSNP_6_A03_777602.CEL
Processing 684 of 710: /Volumes/Moon/TCGA_BRCA/data_DNA/CHEEP_p_TCGA_b120_121_SNP_N_GenomeWideSNP_6_A10_777604.CEL
Processing 685 of 710: /Volumes/Moon/TCGA_BRCA/data_DNA/USAGE_p_TCGA_132_133_136_SNP_N_GenomeWideSNP_6_D12_787540.CEL
Processing 686 of 710: /Volumes/Moon/TCGA_BRCA/data_DNA/USAGE_p_TCGA_132_133_136_SNP_N_GenomeWideSNP_6_A10_787634.CEL
Processing 687 of 710: /Volumes/Moon/TCGA_BRCA/data_DNA/USAGE_p_TCGA_132_133_136_SNP_N_GenomeWideSNP_6_F06_787604.CEL
Processing 688 of 710: /Volumes/Moon/TCGA_BRCA/data_DNA/USAGE_p_TCGA_132_133_136_SNP_N_GenomeWideSNP_6_A12_787608.CEL
Processing 689 of 710: /Volumes/Moon/TCGA_BRCA/data_DNA/USAGE_p_TCGA_132_133_136_SNP_N_GenomeWideSNP_6_G02_787526.CEL
Processing 690 of 710: /Volumes/Moon/TCGA_BRCA/data_DNA/USAGE_p_TCGA_132_133_136_SNP_N_GenomeWideSNP_6_H09_787602.CEL
Processing 691 of 710: /Volumes/Moon/TCGA_BRCA/data_DNA/WRIED_p_TCGA_143_147_150_Hahn_N_GenomeWideSNP_6_E02_799892.CEL
Processing 692 of 710: /Volumes/Moon/TCGA_BRCA/data_DNA/BEAUX_p_TCGA_b109_SNP_2N_GenomeWideSNP_6_C11_772138.CEL
Processing 693 of 710: /Volumes/Moon/TCGA_BRCA/data_DNA/GOOFS_p_TCGA_b117_118_SNP_N_GenomeWideSNP_6_F01_777970.CEL
Processing 694 of 710: /Volumes/Moon/TCGA_BRCA/data_DNA/BEAUX_p_TCGA_b109_SNP_2N_GenomeWideSNP_6_E07_772228.CEL
Processing 695 of 710: /Volumes/Moon/TCGA_BRCA/data_DNA/BEAUX_p_TCGA_b109_SNP_2N_GenomeWideSNP_6_E06_772216.CEL
Processing 696 of 710: /Volumes/Moon/TCGA_BRCA/data_DNA/BEAUX_p_TCGA_b109_SNP_2N_GenomeWideSNP_6_A11_772112.CEL
Processing 697 of 710: /Volumes/Moon/TCGA_BRCA/data_DNA/BEAUX_p_TCGA_b109_SNP_2N_GenomeWideSNP_6_G04_772104.CEL
Processing 698 of 710: /Volumes/Moon/TCGA_BRCA/data_DNA/BEAUX_p_TCGA_b109_SNP_2N_GenomeWideSNP_6_F01_772040.CEL
Processing 699 of 710: /Volumes/Moon/TCGA_BRCA/data_DNA/BEAUX_p_TCGA_b109_SNP_2N_GenomeWideSNP_6_A09_772060.CEL
Processing 700 of 710: /Volumes/Moon/TCGA_BRCA/data_DNA/GOOFS_p_TCGA_b117_118_SNP_N_GenomeWideSNP_6_B06_778130.CEL
Processing 701 of 710: /Volumes/Moon/TCGA_BRCA/data_DNA/GOOFS_p_TCGA_b117_118_SNP_N_GenomeWideSNP_6_D11_777966.CEL
Processing 702 of 710: /Volumes/Moon/TCGA_BRCA/data_DNA/GOOFS_p_TCGA_b117_118_SNP_N_GenomeWideSNP_6_F09_778024.CEL
Processing 703 of 710: /Volumes/Moon/TCGA_BRCA/data_DNA/GOOFS_p_TCGA_b117_118_SNP_N_GenomeWideSNP_6_F11_778124.CEL
Processing 704 of 710: /Volumes/Moon/TCGA_BRCA/data_DNA/GOOFS_p_TCGA_b117_118_SNP_N_GenomeWideSNP_6_G01_778098.CEL
Processing 705 of 710: /Volumes/Moon/TCGA_BRCA/data_DNA/GOOFS_p_TCGA_b117_118_SNP_N_GenomeWideSNP_6_C12_778064.CEL
Processing 706 of 710: /Volumes/Moon/TCGA_BRCA/data_DNA/GOOFS_p_TCGA_b117_118_SNP_N_GenomeWideSNP_6_B03_778006.CEL
Processing 707 of 710: /Volumes/Moon/TCGA_BRCA/data_DNA/GOOFS_p_TCGA_b117_118_SNP_N_GenomeWideSNP_6_A03_778076.CEL
Processing 708 of 710: /Volumes/Moon/TCGA_BRCA/data_DNA/GOOFS_p_TCGA_b117_118_SNP_N_GenomeWideSNP_6_G02_778008.CEL
Processing 709 of 710: /Volumes/Moon/TCGA_BRCA/data_DNA/GOOFS_p_TCGA_b117_118_SNP_N_GenomeWideSNP_6_A12_778090.CEL
Processing 710 of 710: /Volumes/Moon/TCGA_BRCA/data_DNA/GOOFS_p_TCGA_b117_118_SNP_N_GenomeWideSNP_6_B04_778150.CEL
Run took approximately: 268.78 minutes.
Done running GenoQC.

